__text_start:
__start:
    002A E5CF      LDI	R28,0x5F
    002B E0D4      LDI	R29,4
    002C BFCD      OUT	0x3D,R28
    002D BFDE      OUT	0x3E,R29
    002E 51CE      SUBI	R28,0x1E
    002F 40D0      SBCI	R29,0
    0030 EA0A      LDI	R16,0xAA
    0031 8308      STD	Y+0,R16
    0032 2400      CLR	R0
    0033 E6E0      LDI	R30,0x60
    0034 E0F0      LDI	R31,0
    0035 E010      LDI	R17,0
    0036 36E0      CPI	R30,0x60
    0037 07F1      CPC	R31,R17
    0038 F011      BEQ	0x003B
    0039 9201      ST	R0,Z+
    003A CFFB      RJMP	0x0036
    003B 8300      STD	Z+0,R16
    003C E5E4      LDI	R30,0x54
    003D E0F0      LDI	R31,0
    003E E6A0      LDI	R26,0x60
    003F E0B0      LDI	R27,0
    0040 E010      LDI	R17,0
    0041 35E4      CPI	R30,0x54
    0042 07F1      CPC	R31,R17
    0043 F021      BEQ	0x0048
    0044 95C8      LPM
    0045 9631      ADIW	R30,1
    0046 920D      ST	R0,X+
    0047 CFF9      RJMP	0x0041
    0048 940E006C  CALL	_main
_exit:
    004A CFFF      RJMP	_exit
FILE: E:\制版成功\YL-60\YL-60A~2\4.相关例程\22.PWM输出\PWM.C
(0001) 
(0002) /******************************************************************************/
(0003) /*在端口PD4,PD5（led5,led6）输出PWM脉冲，由于占空比不同，显示亮度不同         */
(0004) /*【编写时间】： 2011.07.07
(0005) * 【作    者】： 雁翎电子
(0006) * 【版    本】： V1.0
(0007) * 【网    站】： http://ylelectronic.taobao.com/ 
(0008) * 【Q      Q】： 348439350
(0009) * 【编译环境】： ICCAVR  
(0010) * 【函数功能】： 在端口PD4,PD5（led5,led6）输出PWM脉冲，由于占空比不同，显示亮度不同 
(0011) * 【晶    振】:  8M		
(0012) * 【芯    片】:  ATMEGA16A	 
(0013) * 【硬件连接】： J1短路帽接上    
(0014) /******************************************************************************/
(0015) 
(0016) #include <iom16v.h>
(0017) #include <macros.h>
(0018) 
(0019) void port_init(void)
(0020) {
(0021)   PORTD = 0xff;
_port_init:
    004B EF8F      LDI	R24,0xFF
    004C BB82      OUT	0x12,R24
(0022)   DDRD  = 0xff;
    004D BB81      OUT	0x11,R24
    004E 9508      RET
(0023) }
(0024) 
(0025) //TIMER1 initialize - prescale:64
(0026) // WGM: 10) PWM phz correct, TOP= ICRn
(0027) // desired value: 1000Hz
(0028) // actual value: 1000.000Hz (0.0%)
(0029) void timer1_init(void)
(0030) {
(0031)  TCCR1B = 0x00; //stop
_timer1_init:
    004F 2422      CLR	R2
    0050 BC2E      OUT	0x2E,R2
(0032)  TCNT1H = 0xFF; //setup
    0051 EF8F      LDI	R24,0xFF
    0052 BD8D      OUT	0x2D,R24
(0033)  TCNT1L = 0x83;
    0053 E883      LDI	R24,0x83
    0054 BD8C      OUT	0x2C,R24
(0034)  OCR1AH = 0x00;
    0055 BC2B      OUT	0x2B,R2
(0035)  OCR1AL = 0x65; //占空比
    0056 E685      LDI	R24,0x65
    0057 BD8A      OUT	0x2A,R24
(0036)  OCR1BH = 0x00;
    0058 BC29      OUT	0x29,R2
(0037)  OCR1BL = 0x10; //占空比
    0059 E180      LDI	R24,0x10
    005A BD88      OUT	0x28,R24
(0038)  ICR1H  = 0x00;
    005B BC27      OUT	0x27,R2
(0039)  ICR1L  = 0x7D;
    005C E78D      LDI	R24,0x7D
    005D BD86      OUT	0x26,R24
(0040)  TCCR1A = 0xA2;
    005E EA82      LDI	R24,0xA2
    005F BD8F      OUT	0x2F,R24
(0041)  TCCR1B = 0x13; //start Timer
    0060 E183      LDI	R24,0x13
    0061 BD8E      OUT	0x2E,R24
    0062 9508      RET
(0042) }
(0043) 
(0044) //call this routine to initialize all peripherals
(0045) void init_devices(void)
(0046) {
(0047)  //stop errant interrupts until set up
(0048)  CLI(); //disable all interrupts
_init_devices:
    0063 94F8      BCLR	7
(0049)  port_init();
    0064 DFE6      RCALL	_port_init
(0050)  timer1_init();
    0065 DFE9      RCALL	_timer1_init
(0051) 
(0052)  MCUCR = 0x00;
    0066 2422      CLR	R2
    0067 BE25      OUT	0x35,R2
(0053)  GICR  = 0x00;
    0068 BE2B      OUT	0x3B,R2
(0054)  TIMSK = 0x00; //timer interrupt sources
    0069 BE29      OUT	0x39,R2
(0055)  SEI(); //re-enable interrupts
    006A 9478      BSET	7
    006B 9508      RET
(0056)  //all peripherals are now initialized
(0057) }
(0058) 
(0059) main() 
(0060) {
(0061) init_devices();
FILE: <library>
_main:
    006C DFF6      RCALL	_init_devices
    006D 9508      RET
