C51 COMPILER V9.00   SWITCH                                                                08/10/2012 17:57:49 PAGE 1   


C51 COMPILER V9.00, COMPILATION OF MODULE SWITCH
OBJECT MODULE PLACED IN switch.OBJ
COMPILER INVOKED BY: D:\安装软件\keil 51\C51\BIN\C51.EXE switch.c BROWSE DEBUG OBJECTEXTEND

line level    source

   1          /****************************************************************************
   2          * 【编写时间】： 2011.07.07
   3          * 【作    者】： 雁翎电子
   4          * 【版    本】： V1.0
   5          * 【网    站】： http://ylelectronic.taobao.com/ 
   6          * 【Q      Q】： 348439350              
   7          *****************************************************************************
   8          程序功能：      通过实例说明switch语句的功能。特别注意switch语句的格式，在此很容易犯错。        
   9          ****************************************************************************/
  10          #include <reg51.h>
  11          
  12          sbit k1=P3^2;
  13          sbit k2=P3^3;
  14          sbit k3=P3^4;
  15          sbit k4=P3^5;
  16          
  17          void main()
  18          {
  19   1              char anjian;
  20   1              while(1)   //无条件永远执行大循环
  21   1              {
  22   2                      if(!k1)                   //这些按键按下，就会使anjian变量赋以相应的值。
  23   2                              anjian=1;
  24   2                      if(!k2)
  25   2                              anjian=2;
  26   2                      if(!k3)
  27   2                              anjian=3;
  28   2                      if(!k4)
  29   2                              anjian=4;
  30   2      
  31   2                      switch(anjian)  //当按键的值为几，程序就跳转到case几执行指令，让然后跳出
  32   2                      {//这个大括弧一定不可少
  33   3                              case 1: P1=0X0F; break;//这个break也不可少
  34   3                              case 2: P1=0Xf0; break;
  35   3                              case 3: P1=0X55; break;
  36   3                              case 4: P1=0Xaa; break;
  37   3                              default:P1=0X00; break;//这个为当anjian取值为其他值时的结果（注意关键字为default）。
  38   3                      }                                                  //又由于在刚定义变量anjian时，变量的值为初始值0，而0不属于上面的数值，
  39   2                                                                         //故此时default项即被选中，故刚开机时，为8个LED均亮。
  40   2              }
  41   1      }


MODULE INFORMATION:   STATIC OVERLAYABLE
   CODE SIZE        =     60    ----
   CONSTANT SIZE    =   ----    ----
   XDATA SIZE       =   ----    ----
   PDATA SIZE       =   ----    ----
   DATA SIZE        =   ----    ----
   IDATA SIZE       =   ----    ----
   BIT SIZE         =   ----    ----
END OF MODULE INFORMATION.


C51 COMPILATION COMPLETE.  0 WARNING(S),  0 ERROR(S)
