C51 COMPILER V9.00   D                                                                     08/10/2012 17:57:12 PAGE 1   


C51 COMPILER V9.00, COMPILATION OF MODULE D
OBJECT MODULE PLACED IN d.OBJ
COMPILER INVOKED BY: D:\安装软件\keil 51\C51\BIN\C51.EXE d.c BROWSE DEBUG OBJECTEXTEND

line level    source

   1          /****************************************************************************
   2          * 【编写时间】： 2011.07.07
   3          * 【作    者】： 雁翎电子
   4          * 【版    本】： V1.0
   5          * 【网    站】： http://ylelectronic.taobao.com/ 
   6          * 【Q      Q】： 348439350
   7                                                          
   8          *****************************************************************************
   9          程序功能：       通过程序说明while与do...while间区别：
  10                                   前者是先比较判断后执行，后者是先执行再比较判断。
  11                                   故后者的循环体至少会执行一次，而前者有可能一次也不执行。
  12          ****************************************************************************/
  13          #include <reg52.h>
  14          
  15          sbit k1=P3^2;
  16          
  17          void main()
  18          {
  19   1              char m=3;
  20   1              P1=0xff;
  21   1              while(1)
  22   1              {
  23   2                      if(k1)   //k1未被按下时，将执行下面大括弧中的程序，但是，由于在刚开始进行的是判别
  24   2                                       //操作，而3>4肯定为假，故不会执行P1=0xaa;操作。
  25   2                                       //所以，此时，P1口相连的led不亮，P1各管脚的值还是刚开始赋的0xff。
  26   2                      {
  27   3                              while(m>4)
  28   3                                      P1=0xaa;
  29   3                      }
  30   2                      else   //当k1被按下后，执行该段程序，此时，虽然3>4仍然是假的，但是do...while
  31   2                                //是先执行一次，然后再判断，故在比较判断之前，已经执行了P1=0xaa；故此时
  32   2                                //P1口各led会被交替点亮。
  33   2                      {
  34   3                              do
  35   3                              {
  36   4                                      P1=0x55;
  37   4                              }
  38   3                              while(m>4);
  39   3                      }
  40   2          }
  41   1      }


MODULE INFORMATION:   STATIC OVERLAYABLE
   CODE SIZE        =     34    ----
   CONSTANT SIZE    =   ----    ----
   XDATA SIZE       =   ----    ----
   PDATA SIZE       =   ----    ----
   DATA SIZE        =   ----    ----
   IDATA SIZE       =   ----    ----
   BIT SIZE         =   ----    ----
END OF MODULE INFORMATION.


C51 COMPILATION COMPLETE.  0 WARNING(S),  0 ERROR(S)
