C51 COMPILER V9.00   ZZSZ                                                                  08/10/2012 18:02:42 PAGE 1   


C51 COMPILER V9.00, COMPILATION OF MODULE ZZSZ
OBJECT MODULE PLACED IN zzsz.OBJ
COMPILER INVOKED BY: D:\安装软件\keil 51\C51\BIN\C51.EXE zzsz.c BROWSE DEBUG OBJECTEXTEND

line level    source

   1          /****************************************************************************
   2          * 【编写时间】： 2011.07.07
   3          * 【作    者】： 雁翎电子
   4          * 【版    本】： V1.0
   5          * 【网    站】： http://ylelectronic.taobao.com/ 
   6          * 【Q      Q】： 348439350
   7          *****************************************************************************
   8          程序功能：      演示指针数组的应用方法。
   9          ****************************************************************************/
  10          #include <reg52.h>
  11          
  12          void delay(void)          //一段小延时
  13          {
  14   1        unsigned char m,n;
  15   1        for(m=0;m<200;m++)
  16   1          for(n=0;n<200;n++);
  17   1      }
  18          
  19          void main(void)
  20          {  
  21   1              unsigned char code table[]={0xfe,0xfd,0xfb,0xf7,0xef,0xdf,0xbf,0x7f};
  22   1              unsigned char *p[ ]={&table[0],&table[1],&table[2],&table[3],&table[4],
  23   1                                                      &table[5],&table[6],&table[7]}; 
  24   1                                                      //使指针数组中的每一个变量均指向数组table[]中的相应地址。
  25   1                                                      //指针变量存放的是地址。
  26   1              unsigned char i;     
  27   1              while(1)
  28   1          {
  29   2                 for(i=0;i<8;i++)
  30   2                       {
  31   3                         P1=*p[i];    //i的变化，导致指针内容的变化，然后导致向P1传送的数值的变化。
  32   3                              delay();
  33   3                       }
  34   2               }
  35   1      }


MODULE INFORMATION:   STATIC OVERLAYABLE
   CODE SIZE        =     64    ----
   CONSTANT SIZE    =     32    ----
   XDATA SIZE       =   ----    ----
   PDATA SIZE       =   ----    ----
   DATA SIZE        =   ----      24
   IDATA SIZE       =   ----    ----
   BIT SIZE         =   ----    ----
END OF MODULE INFORMATION.


C51 COMPILATION COMPLETE.  0 WARNING(S),  0 ERROR(S)
