C51 COMPILER V9.00   0                                                                     08/10/2012 17:59:51 PAGE 1   


C51 COMPILER V9.00, COMPILATION OF MODULE 0
OBJECT MODULE PLACED IN 0.OBJ
COMPILER INVOKED BY: D:\安装软件\keil 51\C51\BIN\C51.EXE 0.c BROWSE DEBUG OBJECTEXTEND

line level    source

   1          /****************************************************************************
   2          * 【编写时间】： 2011.07.07
   3          * 【作    者】： 雁翎电子
   4          * 【版    本】： V1.0
   5          * 【网    站】： http://ylelectronic.taobao.com/ 
   6          * 【Q      Q】： 348439350
   7                                  
   8          *****************************************************************************
   9          程序功能：       通过P1口的展示，对比说明逻辑与或非和按位与或非之间的差别。
  10                        可以让大家对C语言中几个比较容易混淆的逻辑有一个感性的认识！
  11                                   当TX-1C学习板上的K1被按下时，执行的为按位与；
  12                                   当TX-1C学习板上的K2被按下时，执行的为逻辑与；
  13                                   当TX-1C学习板上的K3被按下时，执行的为按位或；
  14                                   当TX-1C学习板上的K4被按下时，执行的为逻辑或。
  15          ****************************************************************************/
  16          #include <reg51.h>
  17          
  18          sbit K1=P3^2;
  19          sbit K2=P3^3;
  20          sbit K3=P3^4;
  21          sbit K4=P3^5;
  22          
  23          void main()
  24          {
  25   1              char i=1,j=2;
  26   1              while(1)
  27   1              {
  28   2                      if(K1==0)
  29   2                              P1=i&j;   //按位与，程序会将1与2均转换为二进制，对于每个位进行与运算，如果结果不为0，则为True
  30   2                                        //故此时，即为0000 0001&0000 0010=0000 0000，结果为0，学习板所有led会亮       
  31   2                      else
  32   2                              P1=0xff;
  33   2      
  34   2                      if(K2==0)
  35   2                              P1=i&&j; //逻辑与，只要i和j均不为0，则结果为真（1），即P1=0X01,第一个led灯灭，其他全亮。
  36   2                      else
  37   2                              P1=0xff;
  38   2      
  39   2                      if(K3==0)
  40   2                              P1=i|j;  //位或逻辑 0000 0001 | 0000 0010 =0000 0011。
  41   2                      else
  42   2                              P1=0xff;
  43   2      
  44   2                      if(K4==0)   //逻辑或 只要i和j有一个不为0，则结果为真（1） 即P1=0X01,第一个led灯灭，其他全亮。   逻辑与和逻
             -辑或的值 只有0和1 2种状态 
  45   2                              P1=i||j;
  46   2                      else
  47   2                              P1=0xff;
  48   2              }
  49   1      }


MODULE INFORMATION:   STATIC OVERLAYABLE
   CODE SIZE        =     74    ----
   CONSTANT SIZE    =   ----    ----
C51 COMPILER V9.00   0                                                                     08/10/2012 17:59:51 PAGE 2   

   XDATA SIZE       =   ----    ----
   PDATA SIZE       =   ----    ----
   DATA SIZE        =   ----    ----
   IDATA SIZE       =   ----    ----
   BIT SIZE         =   ----    ----
END OF MODULE INFORMATION.


C51 COMPILATION COMPLETE.  0 WARNING(S),  0 ERROR(S)
