C51 COMPILER V9.54   QIANGSHENG                                                            06/30/2016 10:48:00 PAGE 1   


C51 COMPILER V9.54, COMPILATION OF MODULE QIANGSHENG
OBJECT MODULE PLACED IN qiangsheng.OBJ
COMPILER INVOKED BY: D:\keil\C51\BIN\C51.EXE qiangsheng.c OPTIMIZE(8,SPEED) BROWSE DEBUG OBJECTEXTEND TABS(2)

line level    source

   1          /*********************************************************************************
   2          * 【编写时间】： 2011.07.07
   3          * 【作    者】： 雁翎电子
   4          * 【版    本】： V1.0
   5          * 【网    站】： http://ylelectronic.taobao.com/ 
   6          * 【Q      Q】： 348439350
   7          * 【声    明】： 此程序仅用于学习与参考，引用请注明版权和作者信息！
   8          * 【函数功能】： 蜂鸣器模拟枪声                                   
   9          * 【使用说明】： 按下独立按键k6，蜂鸣器发出模拟枪声
  10          **********************************************************************************/
  11          
  12          #include <reg51.h>
  13          #include <intrins.h>
  14          
  15          #define uchar unsigned char
  16          #define uint  unsigned int
  17          
  18          sbit  BEEP= P3^6;
  19          sbit  K1  = P3^2;
  20          
  21          uchar  H_count,L_count;
  22          
  23          /*********************************************************/
  24          void  main()
  25          { 
  26   1        P0=0;
  27   1        BEEP=1;
  28   1          TMOD=0x01; 
  29   1          TH0=0xff; 
  30   1          TL0=0xa0;
  31   1          H_count=0xff;
  32   1          L_count=0xa0;      
  33   1          EA=1;
  34   1          ET0=1; 
  35   1          
  36   1          while(1)
  37   1          {
  38   2             while(K1);
  39   2             TR0=1;
  40   2          }
  41   1      }
  42          
  43          /*********************************************************
  44            Time0中断函数
  45          **********************************************************/
  46          void Time0(void) interrupt 1 using 0
  47          {
  48   1        BEEP=~BEEP;
  49   1        if( L_count!=0x00 )
  50   1        {
  51   2           L_count--;
  52   2           TH0=H_count; 
  53   2             TL0=L_count;
  54   2             return;
  55   2           }else  H_count--;
C51 COMPILER V9.54   QIANGSHENG                                                            06/30/2016 10:48:00 PAGE 2   

  56   1          
  57   1        if( H_count!=0xfc )
  58   1        {
  59   2           L_count--;
  60   2           TH0=H_count; 
  61   2             TL0=L_count;
  62   2             return;
  63   2        }
  64   1        else
  65   1           {
  66   2              H_count=0xff;
  67   2              L_count=0xa0;
  68   2              TH0=H_count;
  69   2              TL0=L_count;
  70   2              BEEP=1;
  71   2              TR0=0;
  72   2           }   
  73   1      }
  74             
  75          /*********************************************************/
  76          


MODULE INFORMATION:   STATIC OVERLAYABLE
   CODE SIZE        =     78    ----
   CONSTANT SIZE    =   ----    ----
   XDATA SIZE       =   ----    ----
   PDATA SIZE       =   ----    ----
   DATA SIZE        =      2    ----
   IDATA SIZE       =   ----    ----
   BIT SIZE         =   ----    ----
END OF MODULE INFORMATION.


C51 COMPILATION COMPLETE.  0 WARNING(S),  0 ERROR(S)
