                        .module _1602_main.c
                        .area text(rom, con, rel)
 0000                   .dbfile D:\工作\制版成功\YL-60A~2\YL-60A~2\4.相关例程\6.1602液晶显示字符\1602_main.c
 0000                   .dbfile D:\工作\制版成功\YL-60A~2\YL-60A~2\4.相关例程\6.1602液晶显示字符\1602.h
 0000                   .dbfunc e s_ms _s_ms fV
 0000           ;             ms -> R16,R17
                        .even
 0000           _s_ms::
 0000                   .dbline -1
 0000                   .dbline 9
 0000           ; /******************************************************************************/
 0000           ; /*【编写时间】： 2011.07.07
 0000           ; * 【作    者】： 雁翎电子
 0000           ; * 【版    本】： V1.0
 0000           ; * 【网    站】： http://ylelectronic.taobao.com/ 
 0000           ; * 【Q      Q】： 348439350
 0000           ; * 【编译环境】： ICCAVR  
 0000           ; * 【函数功能】： 闪烁LED灯    
 0000           ; * 【晶    振】:  8M           
 0000                   .dbline 10
 0000           ; * 【芯    片】:  ATMEGA16A     
 0000 02C0              xjmp L5
 0002           L2:
 0002                   .dbline 10
 0002           L3:
 0002                   .dbline 10
 0002 0150              subi R16,1
 0004 1040              sbci R17,0
 0006           L5:
 0006                   .dbline 10
 0006 81E0              ldi R24,1
 0008 90E0              ldi R25,0
 000A 8017              cp R24,R16
 000C 9107              cpc R25,R17
 000E C8F3              brlo L2
 0010           X0:
 0010                   .dbline -2
 0010           L1:
 0010                   .dbline 0 ; func end
 0010 0895              ret
 0012                   .dbsym r ms 16 i
 0012                   .dbend
 0012                   .dbfunc e busy _busy fV
 0012           ;           temp -> R20
                        .even
 0012           _busy::
 0012 4A93              st -y,R20
 0014                   .dbline -1
 0014                   .dbline 15
 0014           ; * 【硬件连接】： J2短路帽去掉 
 0014           ; /******************************************************************************/  
 0014           ; //1602液晶显示程序
 0014           ; #include<iom16v.h>
 0014           ; #include"1602.h"
 0014                   .dbline 17
 0014           ; #define uchar unsigned char 
 0014           ; #define uint unsigned int 
 0014 04EF              ldi R16,500
 0016 11E0              ldi R17,1
 0018 F3DF              xcall _s_ms
 001A                   .dbline 18
 001A           ; 
 001A D898              cbi 0x1b,0
 001C                   .dbline 19
 001C           ; uchar wz[]={"mcustudio.com.cn"};
 001C 04EF              ldi R16,500
 001E 11E0              ldi R17,1
 0020 EFDF              xcall _s_ms
 0022                   .dbline 20
 0022           ; uchar gd[]={"Tel:15980845601"};
 0022 D99A              sbi 0x1b,1
 0024                   .dbline 21
 0024           ; 
 0024 04EF              ldi R16,500
 0026 11E0              ldi R17,1
 0028 EBDF              xcall _s_ms
 002A 1AC0              xjmp L8
 002C           L7:
 002C                   .dbline 23
 002C           ; //主函数
 002C           ; void main()
 002C                   .dbline 24
 002C           ; {
 002C DA9A              sbi 0x1b,2
 002E                   .dbline 25
 002E           ;     DDRA=0xff;    
 002E 04EF              ldi R16,500
 0030 11E0              ldi R17,1
 0032 E6DF              xcall _s_ms
 0034                   .dbline 26
 0034           ;     PORTA=0xff;
 0034 2224              clr R2
 0036 27BA              out 0x17,R2
 0038                   .dbline 27
 0038           ;     DDRD=0xff;
 0038 8FEF              ldi R24,255
 003A 88BB              out 0x18,R24
 003C                   .dbline 28
 003C           ;     PORTD=0xff;
 003C 04EF              ldi R16,500
 003E 11E0              ldi R17,1
 0040 DFDF              xcall _s_ms
 0042                   .dbline 29
 0042           ;     s_ms(5000);      //延时
 0042 46B3              in R20,0x16
 0044 4078              andi R20,128
 0046                   .dbline 30
 0046           ;     LcdInit();     //1602初始化
 0046 04EF              ldi R16,500
 0048 11E0              ldi R17,1
 004A DADF              xcall _s_ms
 004C                   .dbline 31
 004C           ;     WriteChar(1,1,13,wz);    //显示第一行
 004C 8FEF              ldi R24,255
 004E 87BB              out 0x17,R24
 0050                   .dbline 32
 0050           ;     WriteChar(2,1,16,gd);    //显示第二行
 0050 88BB              out 0x18,R24
 0052                   .dbline 33
 0052           ; }
 0052 04EF              ldi R16,500
 0054 11E0              ldi R17,1
 0056 D4DF              xcall _s_ms
 0058                   .dbline 34
 0058 DA98              cbi 0x1b,2
 005A                   .dbline 35
 005A 04EF              ldi R16,500
 005C 11E0              ldi R17,1
 005E D0DF              xcall _s_ms
 0060                   .dbline 36
 0060           L8:
 0060                   .dbline 22
 0060 4423              tst R20
 0062 21F7              brne L7
 0064           X1:
 0064                   .dbline -2
 0064           L6:
 0064                   .dbline 0 ; func end
 0064 4991              ld R20,y+
 0066 0895              ret
 0068                   .dbsym r temp 20 c
 0068                   .dbend
 0068                   .dbfunc e writecom _writecom fV
 0068           ;            com -> R10
                        .even
 0068           _writecom::
 0068 AA92              st -y,R10
 006A A02E              mov R10,R16
 006C                   .dbline -1
 006C                   .dbline 41
 006C                   .dbline 42
 006C D2DF              xcall _busy
 006E                   .dbline 43
 006E 04EF              ldi R16,500
 0070 11E0              ldi R17,1
 0072 C6DF              xcall _s_ms
 0074                   .dbline 44
 0074 D898              cbi 0x1b,0
 0076                   .dbline 45
 0076 04EF              ldi R16,500
 0078 11E0              ldi R17,1
 007A C2DF              xcall _s_ms
 007C                   .dbline 46
 007C D998              cbi 0x1b,1
 007E                   .dbline 47
 007E 04EF              ldi R16,500
 0080 11E0              ldi R17,1
 0082 BEDF              xcall _s_ms
 0084                   .dbline 48
 0084 DA9A              sbi 0x1b,2
 0086                   .dbline 49
 0086 04EF              ldi R16,500
 0088 11E0              ldi R17,1
 008A BADF              xcall _s_ms
 008C                   .dbline 50
 008C A8BA              out 0x18,R10
 008E                   .dbline 51
 008E 04EF              ldi R16,500
 0090 11E0              ldi R17,1
 0092 B6DF              xcall _s_ms
 0094                   .dbline 52
 0094 DA98              cbi 0x1b,2
 0096                   .dbline 53
 0096 04EF              ldi R16,500
 0098 11E0              ldi R17,1
 009A B2DF              xcall _s_ms
 009C                   .dbline -2
 009C           L10:
 009C                   .dbline 0 ; func end
 009C A990              ld R10,y+
 009E 0895              ret
 00A0                   .dbsym r com 10 c
 00A0                   .dbend
 00A0                   .dbfunc e LcdInit _LcdInit fV
                        .even
 00A0           _LcdInit::
 00A0                   .dbline -1
 00A0                   .dbline 58
 00A0                   .dbline 59
 00A0 8FEF              ldi R24,255
 00A2 87BB              out 0x17,R24
 00A4                   .dbline 60
 00A4 2224              clr R2
 00A6 28BA              out 0x18,R2
 00A8                   .dbline 61
 00A8 08E3              ldi R16,56
 00AA DEDF              xcall _writecom
 00AC                   .dbline 62
 00AC 08EE              ldi R16,1000
 00AE 13E0              ldi R17,3
 00B0 A7DF              xcall _s_ms
 00B2                   .dbline 63
 00B2 01E0              ldi R16,1
 00B4 D9DF              xcall _writecom
 00B6                   .dbline 64
 00B6 08EE              ldi R16,1000
 00B8 13E0              ldi R17,3
 00BA A2DF              xcall _s_ms
 00BC                   .dbline 65
 00BC 08EE              ldi R16,1000
 00BE 13E0              ldi R17,3
 00C0 9FDF              xcall _s_ms
 00C2                   .dbline 66
 00C2 08EE              ldi R16,1000
 00C4 13E0              ldi R17,3
 00C6 9CDF              xcall _s_ms
 00C8                   .dbline 67
 00C8 08EE              ldi R16,1000
 00CA 13E0              ldi R17,3
 00CC 99DF              xcall _s_ms
 00CE                   .dbline 68
 00CE 08EE              ldi R16,1000
 00D0 13E0              ldi R17,3
 00D2 96DF              xcall _s_ms
 00D4                   .dbline 69
 00D4 08EE              ldi R16,1000
 00D6 13E0              ldi R17,3
 00D8 93DF              xcall _s_ms
 00DA                   .dbline 70
 00DA 08EE              ldi R16,1000
 00DC 13E0              ldi R17,3
 00DE 90DF              xcall _s_ms
 00E0                   .dbline 71
 00E0 02E0              ldi R16,2
 00E2 C2DF              xcall _writecom
 00E4                   .dbline 72
 00E4 08EE              ldi R16,1000
 00E6 13E0              ldi R17,3
 00E8 8BDF              xcall _s_ms
 00EA                   .dbline 73
 00EA 06E0              ldi R16,6
 00EC BDDF              xcall _writecom
 00EE                   .dbline 74
 00EE 08EE              ldi R16,1000
 00F0 13E0              ldi R17,3
 00F2 86DF              xcall _s_ms
 00F4                   .dbline 75
 00F4 0CE0              ldi R16,12
 00F6 B8DF              xcall _writecom
 00F8                   .dbline 76
 00F8 08EE              ldi R16,1000
 00FA 13E0              ldi R17,3
 00FC 81DF              xcall _s_ms
 00FE                   .dbline 77
 00FE 08E3              ldi R16,56
 0100 B3DF              xcall _writecom
 0102                   .dbline 78
 0102 08EE              ldi R16,1000
 0104 13E0              ldi R17,3
 0106                   .dbline -2
 0106           L11:
 0106                   .dbline 0 ; func end
 0106 7CCF              xjmp _s_ms
 0108                   .dbend
 0108                   .dbfunc e writedata _writedata fV
 0108           ;           data -> R10
                        .even
 0108           _writedata::
 0108 AA92              st -y,R10
 010A A02E              mov R10,R16
 010C                   .dbline -1
 010C                   .dbline 83
 010C                   .dbline 84
 010C 82DF              xcall _busy
 010E                   .dbline 85
 010E 04EF              ldi R16,500
 0110 11E0              ldi R17,1
 0112 76DF              xcall _s_ms
 0114                   .dbline 86
 0114 D89A              sbi 0x1b,0
 0116                   .dbline 87
 0116 04EF              ldi R16,500
 0118 11E0              ldi R17,1
 011A 72DF              xcall _s_ms
 011C                   .dbline 88
 011C D998              cbi 0x1b,1
 011E                   .dbline 89
 011E 04EF              ldi R16,500
 0120 11E0              ldi R17,1
 0122 6EDF              xcall _s_ms
 0124                   .dbline 90
 0124 DA9A              sbi 0x1b,2
 0126                   .dbline 91
 0126 04EF              ldi R16,500
 0128 11E0              ldi R17,1
 012A 6ADF              xcall _s_ms
 012C                   .dbline 92
 012C A8BA              out 0x18,R10
 012E                   .dbline 93
 012E 04EF              ldi R16,500
 0130 11E0              ldi R17,1
 0132 66DF              xcall _s_ms
 0134                   .dbline 94
 0134 DA98              cbi 0x1b,2
 0136                   .dbline 95
 0136 04EF              ldi R16,500
 0138 11E0              ldi R17,1
 013A 62DF              xcall _s_ms
 013C                   .dbline -2
 013C           L12:
 013C                   .dbline 0 ; func end
 013C A990              ld R10,y+
 013E 0895              ret
 0140                   .dbsym r data 10 c
 0140                   .dbend
 0140                   .dbfunc e readdata _readdata fc
 0140           ;           temp -> R10
                        .even
 0140           _readdata::
 0140 AA92              st -y,R10
 0142                   .dbline -1
 0142                   .dbline 101
 0142                   .dbline 103
 0142 67DF              xcall _busy
 0144                   .dbline 104
 0144 04EF              ldi R16,500
 0146 11E0              ldi R17,1
 0148 5BDF              xcall _s_ms
 014A                   .dbline 105
 014A D89A              sbi 0x1b,0
 014C                   .dbline 106
 014C 04EF              ldi R16,500
 014E 11E0              ldi R17,1
 0150 57DF              xcall _s_ms
 0152                   .dbline 107
 0152 D99A              sbi 0x1b,1
 0154                   .dbline 108
 0154 04EF              ldi R16,500
 0156 11E0              ldi R17,1
 0158 53DF              xcall _s_ms
 015A                   .dbline 109
 015A DA9A              sbi 0x1b,2
 015C                   .dbline 110
 015C 04EF              ldi R16,500
 015E 11E0              ldi R17,1
 0160 4FDF              xcall _s_ms
 0162                   .dbline 111
 0162 2224              clr R2
 0164 27BA              out 0x17,R2
 0166                   .dbline 112
 0166 04EF              ldi R16,500
 0168 11E0              ldi R17,1
 016A 4ADF              xcall _s_ms
 016C                   .dbline 113
 016C A6B2              in R10,0x16
 016E                   .dbline 114
 016E 04EF              ldi R16,500
 0170 11E0              ldi R17,1
 0172 46DF              xcall _s_ms
 0174                   .dbline 115
 0174 8FEF              ldi R24,255
 0176 87BB              out 0x17,R24
 0178                   .dbline 116
 0178 04EF              ldi R16,500
 017A 11E0              ldi R17,1
 017C 41DF              xcall _s_ms
 017E                   .dbline 117
 017E DA98              cbi 0x1b,2
 0180                   .dbline 118
 0180 04EF              ldi R16,500
 0182 11E0              ldi R17,1
 0184 3DDF              xcall _s_ms
 0186                   .dbline 119
 0186 0A2D              mov R16,R10
 0188                   .dbline -2
 0188           L13:
 0188                   .dbline 0 ; func end
 0188 A990              ld R10,y+
 018A 0895              ret
 018C                   .dbsym r temp 10 c
 018C                   .dbend
 018C                   .dbfunc e WriteCGRAM _WriteCGRAM fV
 018C           ;              t -> R10,R11
 018C           ;              i -> R20,R21
 018C           ;        pBuffer -> R22,R23
 018C           ;            num -> R10,R11
                        .even
 018C           _WriteCGRAM::
 018C 0E940000          xcall push_xgsetF00C
 0190 B901              movw R22,R18
 0192 5801              movw R10,R16
 0194                   .dbline -1
 0194                   .dbline 129
 0194                   .dbline 131
 0194 00E4              ldi R16,64
 0196 68DF              xcall _writecom
 0198                   .dbline 132
 0198 D89A              sbi 0x1b,0
 019A                   .dbline 133
 019A D998              cbi 0x1b,1
 019C                   .dbline 134
 019C A501              movw R20,R10
 019E 0AC0              xjmp L18
 01A0           L15:
 01A0                   .dbline 135
 01A0                   .dbline 136
 01A0 FB01              movw R30,R22
 01A2 A080              ldd R10,z+0
 01A4 B180              ldd R11,z+1
 01A6                   .dbline 137
 01A6 DA9A              sbi 0x1b,2
 01A8                   .dbline 138
 01A8 A8BA              out 0x18,R10
 01AA                   .dbline 139
 01AA DA98              cbi 0x1b,2
 01AC                   .dbline 140
 01AC 6E5F              subi R22,254  ; offset = 2
 01AE 7F4F              sbci R23,255
 01B0                   .dbline 141
 01B0           L16:
 01B0                   .dbline 134
 01B0 4150              subi R20,1
 01B2 5040              sbci R21,0
 01B4           L18:
 01B4                   .dbline 134
 01B4 4030              cpi R20,0
 01B6 4507              cpc R20,R21
 01B8 99F7              brne L15
 01BA           X2:
 01BA                   .dbline -2
 01BA           L14:
 01BA                   .dbline 0 ; func end
 01BA 0C940000          xjmp pop_xgsetF00C
 01BE                   .dbsym r t 10 i
 01BE                   .dbsym r i 20 i
 01BE                   .dbsym r pBuffer 22 pki
 01BE                   .dbsym r num 10 i
 01BE                   .dbend
 01BE                   .dbfunc e WriteMenu _WriteMenu fV
 01BE           ;              t -> R10
 01BE           ;              i -> R22
 01BE           ;        pBuffer -> R20,R21
                        .even
 01BE           _WriteMenu::
 01BE 0E940000          xcall push_xgsetF00C
 01C2 A801              movw R20,R16
 01C4                   .dbline -1
 01C4                   .dbline 151
 01C4                   .dbline 153
 01C4 00E8              ldi R16,128
 01C6 50DF              xcall _writecom
 01C8                   .dbline 155
 01C8 D89A              sbi 0x1b,0
 01CA                   .dbline 156
 01CA D998              cbi 0x1b,1
 01CC                   .dbline 157
 01CC 02E3              ldi R16,50
 01CE 10E0              ldi R17,0
 01D0 17DF              xcall _s_ms
 01D2                   .dbline 158
 01D2 6627              clr R22
 01D4 0BC0              xjmp L23
 01D6           L20:
 01D6                   .dbline 159
 01D6                   .dbline 160
 01D6 FA01              movw R30,R20
 01D8 A080              ldd R10,z+0
 01DA                   .dbline 161
 01DA A8BA              out 0x18,R10
 01DC                   .dbline 162
 01DC DA9A              sbi 0x1b,2
 01DE                   .dbline 163
 01DE 02E3              ldi R16,50
 01E0 10E0              ldi R17,0
 01E2 0EDF              xcall _s_ms
 01E4                   .dbline 164
 01E4 DA98              cbi 0x1b,2
 01E6                   .dbline 165
 01E6 4F5F              subi R20,255  ; offset = 1
 01E8 5F4F              sbci R21,255
 01EA                   .dbline 166
 01EA           L21:
 01EA                   .dbline 158
 01EA 6395              inc R22
 01EC           L23:
 01EC                   .dbline 158
 01EC 6031              cpi R22,16
 01EE 98F3              brlo L20
 01F0           X3:
 01F0                   .dbline 167
 01F0 00EC              ldi R16,192
 01F2 3ADF              xcall _writecom
 01F4                   .dbline 169
 01F4 D89A              sbi 0x1b,0
 01F6                   .dbline 170
 01F6 D998              cbi 0x1b,1
 01F8                   .dbline 171
 01F8 02E3              ldi R16,50
 01FA 10E0              ldi R17,0
 01FC 01DF              xcall _s_ms
 01FE                   .dbline 172
 01FE 6627              clr R22
 0200 0BC0              xjmp L27
 0202           L24:
 0202                   .dbline 173
 0202                   .dbline 174
 0202 FA01              movw R30,R20
 0204 A080              ldd R10,z+0
 0206                   .dbline 175
 0206 A8BA              out 0x18,R10
 0208                   .dbline 176
 0208 DA9A              sbi 0x1b,2
 020A                   .dbline 177
 020A 02E3              ldi R16,50
 020C 10E0              ldi R17,0
 020E F8DE              xcall _s_ms
 0210                   .dbline 178
 0210 DA98              cbi 0x1b,2
 0212                   .dbline 179
 0212 4F5F              subi R20,255  ; offset = 1
 0214 5F4F              sbci R21,255
 0216                   .dbline 180
 0216           L25:
 0216                   .dbline 172
 0216 6395              inc R22
 0218           L27:
 0218                   .dbline 172
 0218 6031              cpi R22,16
 021A 98F3              brlo L24
 021C           X4:
 021C                   .dbline -2
 021C           L19:
 021C                   .dbline 0 ; func end
 021C 0C940000          xjmp pop_xgsetF00C
 0220                   .dbsym r t 10 c
 0220                   .dbsym r i 22 c
 0220                   .dbsym r pBuffer 20 pkc
 0220                   .dbend
 0220                   .dbfunc e WriteNum _WriteNum fV
 0220           ;            num -> R20,R21
 0220           ;            col -> R10,R11
 0220           ;            row -> R22,R23
                        .even
 0220           _WriteNum::
 0220 0E940000          xcall push_xgsetF00C
 0224 5901              movw R10,R18
 0226 B801              movw R22,R16
 0228 4E81              ldd R20,y+6
 022A 5F81              ldd R21,y+7
 022C                   .dbline -1
 022C                   .dbline 190
 022C                   .dbline 191
 022C 6130              cpi R22,1
 022E E0E0              ldi R30,0
 0230 7E07              cpc R23,R30
 0232 21F4              brne L29
 0234           X5:
 0234                   .dbline 191
 0234 B501              movw R22,R10
 0236 6058              subi R22,128  ; offset = 128
 0238 7F4F              sbci R23,255
 023A 03C0              xjmp L30
 023C           L29:
 023C                   .dbline 192
 023C B501              movw R22,R10
 023E 6054              subi R22,64  ; offset = 192
 0240 7F4F              sbci R23,255
 0242           L30:
 0242                   .dbline 193
 0242 062F              mov R16,R22
 0244 11DF              xcall _writecom
 0246                   .dbline 194
 0246 4030              cpi R20,0
 0248 4507              cpc R20,R21
 024A 21F4              brne L33
 024C           X6:
 024C 81E0              ldi R24,1
 024E 90E0              ldi R25,0
 0250 5C01              movw R10,R24
 0252 02C0              xjmp L34
 0254           L33:
 0254 AA24              clr R10
 0256 BB24              clr R11
 0258           L34:
 0258 89E0              ldi R24,9
 025A 90E0              ldi R25,0
 025C 8417              cp R24,R20
 025E 9507              cpc R25,R21
 0260 18F4              brsh L35
 0262           X7:
 0262 61E0              ldi R22,1
 0264 70E0              ldi R23,0
 0266 02C0              xjmp L36
 0268           L35:
 0268 6627              clr R22
 026A 7727              clr R23
 026C           L36:
 026C 1501              movw R2,R10
 026E 262A              or R2,R22
 0270 372A              or R3,R23
 0272 2220              tst R2
 0274 11F4              brne X8
 0276 3320              tst R3
 0278 19F0              breq L31
 027A           X8:
 027A                   .dbline 194
 027A 40E3              ldi R20,48
 027C 50E0              ldi R21,0
 027E 02C0              xjmp L32
 0280           L31:
 0280                   .dbline 195
 0280 405D              subi R20,208  ; offset = 48
 0282 5F4F              sbci R21,255
 0284           L32:
 0284                   .dbline 197
 0284 D89A              sbi 0x1b,0
 0286                   .dbline 198
 0286 04EF              ldi R16,500
 0288 11E0              ldi R17,1
 028A BADE              xcall _s_ms
 028C                   .dbline 199
 028C D998              cbi 0x1b,1
 028E                   .dbline 200
 028E 04EF              ldi R16,500
 0290 11E0              ldi R17,1
 0292 B6DE              xcall _s_ms
 0294                   .dbline 201
 0294 48BB              out 0x18,R20
 0296                   .dbline 202
 0296 04EF              ldi R16,500
 0298 11E0              ldi R17,1
 029A B2DE              xcall _s_ms
 029C                   .dbline 203
 029C DA9A              sbi 0x1b,2
 029E                   .dbline 204
 029E 04EF              ldi R16,500
 02A0 11E0              ldi R17,1
 02A2 AEDE              xcall _s_ms
 02A4                   .dbline 205
 02A4 DA98              cbi 0x1b,2
 02A6                   .dbline 206
 02A6 04EF              ldi R16,500
 02A8 11E0              ldi R17,1
 02AA AADE              xcall _s_ms
 02AC                   .dbline -2
 02AC           L28:
 02AC                   .dbline 0 ; func end
 02AC 0C940000          xjmp pop_xgsetF00C
 02B0                   .dbsym r num 20 i
 02B0                   .dbsym r col 10 i
 02B0                   .dbsym r row 22 i
 02B0                   .dbend
 02B0                   .dbfunc e WriteChar _WriteChar fV
 02B0           ;              t -> R12
 02B0           ;              i -> R10
 02B0           ;        pBuffer -> R20,R21
 02B0           ;            num -> y+8
 02B0           ;            col -> R10
 02B0           ;            row -> R22
                        .even
 02B0           _WriteChar::
 02B0 0E940000          xcall push_xgsetF03C
 02B4 A22E              mov R10,R18
 02B6 602F              mov R22,R16
 02B8 4A85              ldd R20,y+10
 02BA 5B85              ldd R21,y+11
 02BC                   .dbline -1
 02BC                   .dbline 216
 02BC                   .dbline 218
 02BC 6130              cpi R22,1
 02BE 19F4              brne L38
 02C0           X9:
 02C0                   .dbline 218
 02C0 6A2D              mov R22,R10
 02C2 6058              subi R22,128    ; addi 128
 02C4 02C0              xjmp L39
 02C6           L38:
 02C6                   .dbline 219
 02C6 6A2D              mov R22,R10
 02C8 6054              subi R22,64    ; addi 192
 02CA           L39:
 02CA                   .dbline 220
 02CA 062F              mov R16,R22
 02CC CDDE              xcall _writecom
 02CE                   .dbline 224
 02CE D89A              sbi 0x1b,0
 02D0                   .dbline 225
 02D0 04EF              ldi R16,500
 02D2 11E0              ldi R17,1
 02D4 95DE              xcall _s_ms
 02D6                   .dbline 226
 02D6 D998              cbi 0x1b,1
 02D8                   .dbline 227
 02D8 04EF              ldi R16,500
 02DA 11E0              ldi R17,1
 02DC 91DE              xcall _s_ms
 02DE                   .dbline 228
 02DE A884              ldd R10,y+8
 02E0 B984              ldd R11,y+9
 02E2 14C0              xjmp L43
 02E4           L40:
 02E4                   .dbline 229
 02E4                   .dbline 230
 02E4 FA01              movw R30,R20
 02E6 C080              ldd R12,z+0
 02E8                   .dbline 231
 02E8 04EF              ldi R16,500
 02EA 11E0              ldi R17,1
 02EC 89DE              xcall _s_ms
 02EE                   .dbline 232
 02EE C8BA              out 0x18,R12
 02F0                   .dbline 233
 02F0 04EF              ldi R16,500
 02F2 11E0              ldi R17,1
 02F4 85DE              xcall _s_ms
 02F6                   .dbline 234
 02F6 DA9A              sbi 0x1b,2
 02F8                   .dbline 235
 02F8 04EF              ldi R16,500
 02FA 11E0              ldi R17,1
 02FC 81DE              xcall _s_ms
 02FE                   .dbline 236
 02FE DA98              cbi 0x1b,2
 0300                   .dbline 237
 0300 04EF              ldi R16,500
 0302 11E0              ldi R17,1
 0304 7DDE              xcall _s_ms
 0306                   .dbline 238
 0306 4F5F              subi R20,255  ; offset = 1
 0308 5F4F              sbci R21,255
 030A                   .dbline 239
 030A           L41:
 030A                   .dbline 228
 030A AA94              dec R10
 030C           L43:
 030C                   .dbline 228
 030C AA20              tst R10
 030E 51F7              brne L40
 0310           X10:
 0310                   .dbline -2
 0310           L37:
 0310                   .dbline 0 ; func end
 0310 0C940000          xjmp pop_xgsetF03C
 0314                   .dbsym r t 12 c
 0314                   .dbsym r i 10 c
 0314                   .dbsym r pBuffer 20 pc
 0314                   .dbsym l num 8 i
 0314                   .dbsym r col 10 c
 0314                   .dbsym r row 22 c
 0314                   .dbend
                        .area data(ram, con, rel)
 0000                   .dbfile D:\工作\制版成功\YL-60A~2\YL-60A~2\4.相关例程\6.1602液晶显示字符\1602.h
 0000           _wz::
 0000                   .blkb 17
                        .area idata
 0000 6D637573747564696F2E636F6D2E636E  .byte 'm,'c,'u,'s,'t,'u,'d,'i,'o,46,'c,'o,'m,46,'c,'n
 0010 00                .byte 0
                        .area data(ram, con, rel)
 0011                   .dbfile D:\工作\制版成功\YL-60A~2\YL-60A~2\4.相关例程\6.1602液晶显示字符\1602.h
 0011                   .dbfile D:\工作\制版成功\YL-60A~2\YL-60A~2\4.相关例程\6.1602液晶显示字符\1602_main.c
 0011                   .dbsym e wz _wz A[17:17]c
 0011           _gd::
 0011                   .blkb 16
                        .area idata
 0011 54656C3A313539383038343536303100  .byte 'T,'e,'l,58,49,53,57,56,48,56,52,53,54,48,49,0
                        .area data(ram, con, rel)
 0021                   .dbfile D:\工作\制版成功\YL-60A~2\YL-60A~2\4.相关例程\6.1602液晶显示字符\1602_main.c
 0021                   .dbsym e gd _gd A[16:16]c
                        .area text(rom, con, rel)
 0314                   .dbfile D:\工作\制版成功\YL-60A~2\YL-60A~2\4.相关例程\6.1602液晶显示字符\1602_main.c
 0314                   .dbfunc e main _main fV
                        .even
 0314           _main::
 0314 2497              sbiw R28,4
 0316                   .dbline -1
 0316                   .dbline 24
 0316                   .dbline 25
 0316 8FEF              ldi R24,255
 0318 8ABB              out 0x1a,R24
 031A                   .dbline 26
 031A 8BBB              out 0x1b,R24
 031C                   .dbline 27
 031C 81BB              out 0x11,R24
 031E                   .dbline 28
 031E 82BB              out 0x12,R24
 0320                   .dbline 29
 0320 08E8              ldi R16,5000
 0322 13E1              ldi R17,19
 0324 6DDE              xcall _s_ms
 0326                   .dbline 30
 0326 BCDE              xcall _LcdInit
 0328                   .dbline 31
 0328 80E0              ldi R24,<_wz
 032A 90E0              ldi R25,>_wz
 032C 9B83              std y+3,R25
 032E 8A83              std y+2,R24
 0330 8DE0              ldi R24,13
 0332 90E0              ldi R25,0
 0334 9983              std y+1,R25
 0336 8883              std y+0,R24
 0338 21E0              ldi R18,1
 033A 01E0              ldi R16,1
 033C B9DF              xcall _WriteChar
 033E                   .dbline 32
 033E 80E0              ldi R24,<_gd
 0340 90E0              ldi R25,>_gd
 0342 9B83              std y+3,R25
 0344 8A83              std y+2,R24
 0346 80E1              ldi R24,16
 0348 90E0              ldi R25,0
 034A 9983              std y+1,R25
 034C 8883              std y+0,R24
 034E 21E0              ldi R18,1
 0350 02E0              ldi R16,2
 0352 AEDF              xcall _WriteChar
 0354                   .dbline -2
 0354           L44:
 0354                   .dbline 0 ; func end
 0354 2496              adiw R28,4
 0356 0895              ret
 0358                   .dbend
