C51 COMPILER V9.00   ZHIZHEN                                                               08/10/2012 18:01:47 PAGE 1   


C51 COMPILER V9.00, COMPILATION OF MODULE ZHIZHEN
OBJECT MODULE PLACED IN zhizhen.OBJ
COMPILER INVOKED BY: D:\安装软件\keil 51\C51\BIN\C51.EXE zhizhen.c BROWSE DEBUG OBJECTEXTEND

line level    source

   1          /****************************************************************************
   2          * 【编写时间】： 2011.07.07
   3          * 【作    者】： 雁翎电子
   4          * 【版    本】： V1.0
   5          * 【网    站】： http://ylelectronic.taobao.com/ 
   6          * 【Q      Q】： 348439350
   7          *****************************************************************************
   8          程序功能：本程序用来演示指针的用法。
   9          ****************************************************************************/
  10          #include <reg52.h>
  11          
  12          void main()
  13          {
  14   1              unsigned char m,n;       //定义无符号字符型数据
  15   1              unsigned char *j,*k;//定义无符号字符型指针变量
  16   1              m=2;
  17   1              n=3;
  18   1              j=&m;   //使指针变量指向m，对指针j初始化，&为对某个变量取地址的运算符。
  19   1              k=&n;   //使指针变量指向n，对指针k初始化
  20   1              P1=*j+*k; //这样，对指针的操作其实就是对指针所指向对象的操作。
  21   1                                //*j+*k即相当与m+n，结果为5，然后送给P1口二进制值00000101
  22   1              while(1);
  23   1      }


MODULE INFORMATION:   STATIC OVERLAYABLE
   CODE SIZE        =     39    ----
   CONSTANT SIZE    =   ----    ----
   XDATA SIZE       =   ----    ----
   PDATA SIZE       =   ----    ----
   DATA SIZE        =   ----       5
   IDATA SIZE       =   ----    ----
   BIT SIZE         =   ----    ----
END OF MODULE INFORMATION.


C51 COMPILATION COMPLETE.  0 WARNING(S),  0 ERROR(S)
