C51 COMPILER V9.00   GUANJIAO                                                              08/10/2012 17:59:18 PAGE 1   


C51 COMPILER V9.00, COMPILATION OF MODULE GUANJIAO
OBJECT MODULE PLACED IN guanjiao.OBJ
COMPILER INVOKED BY: D:\安装软件\keil 51\C51\BIN\C51.EXE guanjiao.c BROWSE DEBUG OBJECTEXTEND

line level    source

   1          /************************************************************************
   2          * 【编写时间】： 2011.07.07
   3          * 【作    者】： 雁翎电子
   4          * 【版    本】： V1.0
   5          * 【网    站】： http://ylelectronic.taobao.com/ 
   6          * 【Q      Q】： 348439350
   7                                                          
   8          *************************************************************************
   9          程序功能：              将P2口的状态传递给P1口，给同学对管脚间状态传递
  10                                          提供一直感性的认识。
  11                                          下载程序后，八个发光二极管会间隔着被点亮。
  12          ************************************************************************/
  13          
  14          #include<reg52.h>
  15          
  16          void main()
  17          {
  18   1              P2=0Xaa;  //给P2管脚赋值，0xaa即二进制的1010 1010。
  19   1              P1=P2;    //将P2口状态传给P1，可以发现P1口的灯间隔着被点亮。
  20   1              while(1);
  21   1      }
  22          
  23          //P1，P2表面为管脚，但实质上对应的是单片机内部的寄存器。


MODULE INFORMATION:   STATIC OVERLAYABLE
   CODE SIZE        =      8    ----
   CONSTANT SIZE    =   ----    ----
   XDATA SIZE       =   ----    ----
   PDATA SIZE       =   ----    ----
   DATA SIZE        =   ----    ----
   IDATA SIZE       =   ----    ----
   BIT SIZE         =   ----    ----
END OF MODULE INFORMATION.


C51 COMPILATION COMPLETE.  0 WARNING(S),  0 ERROR(S)
