C51 COMPILER V9.00   _                                                              11/16/2011 22:00:47 PAGE 1   


C51 COMPILER V9.00, COMPILATION OF MODULE _
OBJECT MODULE PLACED IN .OBJ
COMPILER INVOKED BY: E:\װ\keil-51\C51\BIN\C51.EXE .c BROWSE DEBUG OBJECTEXTEND

line level    source

   1          /*********************************************************************************
   2          * дʱ䡿 2011.07.07
   3          *     ߡ 
   4          *      V1.0
   5          *     վ http://ylelectronic.taobao.com/ 
   6          * Q      Q 348439350
   7          *      ˳ѧϰοעȨϢ
   8          * ܡ                                                        
   9                           1˸һ
  10                                       2˸
  11                           3˸
  12                                       4˸Ĵ
  13                                      
  14          * ʹ˵ עðJ4̽ӣʹģ
  15          **********************************************************************************/
  16          
  17          #include<reg52.h>    //ƬĴͷļ
  18          
  19          #define uchar unsigned char
  20          #define uint unsigned int
  21          
  22          /*  -----------------------------------------------*/
  23          void delay(uint z);
  24          
  25          /*  ----------------------------------------------*/
  26          sbit key1=P3^2;
  27          sbit key2=P3^3;
  28          sbit key3=P3^4;
  29          sbit key4=P3^5;
  30          
  31          /*
  32          ********************************************************************************
  33          **   main(void)
  34          **   
  35          ********************************************************************************
  36          */
  37          void main()
  38          {
  39   1               P0 = 0;
  40   1               
  41   1               while(1)                        //ɨ
  42   1               { 
  43   2                      if(key1==0)
  44   2                      {
  45   3                              delay(5);         //
  46   3                              if(key1==0)       //ȷϰ
  47   3                              {
  48   4                                      while(!key1);//ּ
  49   4                                      P1=0;
  50   4                                      delay(200);
  51   4                                      P1=0XFF;
  52   4                              }
  53   3                 
  54   3                      }
  55   2                 
C51 COMPILER V9.00   _                                                              11/16/2011 22:00:47 PAGE 2   

  56   2      
  57   2                      if(key2==0)
  58   2                      {
  59   3                              delay(5);         //
  60   3                              if(key2==0)       //ȷϰ
  61   3                              {
  62   4                                      while(!key2);//ּ
  63   4                                  P1=0;
  64   4                                      delay(200);
  65   4                                      P1=0XFF;
  66   4                                      delay(200);
  67   4                                      P1=0;
  68   4                                      delay(200);
  69   4                                      P1=0XFF;
  70   4                              }
  71   3                      }
  72   2                      if(key3==0)
  73   2                      {
  74   3                              delay(5);         //
  75   3                              if(key3==0)       //ȷϰ
  76   3                              {
  77   4                                      while(!key3);//ּ
  78   4                                      P1=0;
  79   4                                      delay(200);
  80   4                                      P1=0XFF;
  81   4                                      delay(200);
  82   4                                      P1=0;
  83   4                                      delay(200);
  84   4                                      P1=0XFF;
  85   4                                      delay(200);
  86   4                                      P1=0;
  87   4                                      delay(200);
  88   4                                      P1=0XFF;
  89   4                                      delay(200);
  90   4                              }
  91   3                      }
  92   2                      if(key4==0)
  93   2                      {
  94   3                              delay(5);         //
  95   3                              if(key4==0)       //ȷϰ
  96   3                              {
  97   4                                      while(!key4);//ּ
  98   4                                      P1=0;
  99   4                                      delay(200);
 100   4                                      P1=0XFF;
 101   4                                      delay(200);
 102   4                                      P1=0;
 103   4                                      delay(200);
 104   4                                      P1=0XFF;
 105   4                                      delay(200);
 106   4                                      P1=0;
 107   4                                      delay(200);
 108   4                                      P1=0XFF;
 109   4                                      delay(200);
 110   4                                      P1=0;
 111   4                                      delay(200);
 112   4                                      P1=0XFF;
 113   4                                      delay(200);
 114   4                              }
 115   3                      }
 116   2                      delay(10);      
 117   2              }
C51 COMPILER V9.00   _                                                              11/16/2011 22:00:47 PAGE 3   

 118   1      }
 119          
 120          /*
 121          ********************************************************************************
 122          **   delay(uint z)
 123          **   ʱ
 124          ********************************************************************************
 125          */
 126          void delay(uint z)
 127          {                                                                                                                                                                                          
 128   1          uint i,j;
 129   1          for(i=z;i>0;i--)
 130   1              for(j=110;j>0;j--);
 131   1      } 


MODULE INFORMATION:   STATIC OVERLAYABLE
   CODE SIZE        =    229    ----
   CONSTANT SIZE    =   ----    ----
   XDATA SIZE       =   ----    ----
   PDATA SIZE       =   ----    ----
   DATA SIZE        =   ----    ----
   IDATA SIZE       =   ----    ----
   BIT SIZE         =   ----    ----
END OF MODULE INFORMATION.


C51 COMPILATION COMPLETE.  0 WARNING(S),  0 ERROR(S)
