C51 COMPILER V9.00   SHUZU                                                                 08/10/2012 18:00:25 PAGE 1   


C51 COMPILER V9.00, COMPILATION OF MODULE SHUZU
OBJECT MODULE PLACED IN shuzu.OBJ
COMPILER INVOKED BY: D:\װ\keil 51\C51\BIN\C51.EXE shuzu.c BROWSE DEBUG OBJECTEXTEND

line level    source

   1          /****************************************************************************
   2          * дʱ䡿 2011.07.07
   3          *     ߡ 
   4          *      V1.0
   5          *     վ http://ylelectronic.taobao.com/ 
   6          * Q      Q 348439350
   7          *****************************************************************************
   8          ܣ      ʾʹ÷ʹled˸Ч
   9                                  齫ĳȡֵ֯ʹá
  10          ****************************************************************************/
  11          #include <reg52.h>
  12          
  13          unsigned char code table[]={0xfe,0xfd,0xfb,0xf7,0xef,0xdf,0xbf,0x7f};
  14          //ֱʹĳһλLEDP1ڵƽֲ顣
  15          
  16          void delay()
  17          {
  18   1              unsigned int p,q;
  19   1              for(p=100;p>0;p--)
  20   1                      for(q=100;q>0;q--);
  21   1      }
  22          
  23          void main()
  24          {
  25   1              char m;  //ÿʹǰҪ
  26   1              while(1) //ĴѭЧledһ˸
  27   1              {
  28   2                      P1=table[m];//ĵ÷mֵΪڼֵֵıŴ0ʼ
  29   2                      m++;//ımֵɵõвֵͬʼʱm=0õֵ0xfeӶһܡTX-1CϣΪ
             -͵ƽLEDߵƽϨLED
  30   2                      if(m==7)//ledֻаλmǴ0ʼȡֵģʵm=7ʱӦ㡣
  31   2                      m=0;
  32   2                      delay();
  33   2              }
  34   1      }
  35                                                          


MODULE INFORMATION:   STATIC OVERLAYABLE
   CODE SIZE        =     63    ----
   CONSTANT SIZE    =      8    ----
   XDATA SIZE       =   ----    ----
   PDATA SIZE       =   ----    ----
   DATA SIZE        =   ----       1
   IDATA SIZE       =   ----    ----
   BIT SIZE         =   ----    ----
END OF MODULE INFORMATION.


C51 COMPILATION COMPLETE.  0 WARNING(S),  0 ERROR(S)
