C51 COMPILER V9.54   DI_DI_BAOJING                                                         06/30/2016 10:49:02 PAGE 1   


C51 COMPILER V9.54, COMPILATION OF MODULE DI_DI_BAOJING
OBJECT MODULE PLACED IN di di baojing.OBJ
COMPILER INVOKED BY: D:\keil\C51\BIN\C51.EXE di di baojing.c OPTIMIZE(8,SPEED) BROWSE DEBUG OBJECTEXTEND TABS(2)

line level    source

   1          /*********************************************************************************
   2          * 【编写时间】： 2011.07.07
   3          * 【作    者】： 雁翎电子
   4          * 【版    本】： V1.0
   5          * 【网    站】： http://ylelectronic.taobao.com/ 
   6          * 【Q      Q】： 348439350
   7          * 【声    明】： 此程序仅用于学习与参考，引用请注明版权和作者信息！
   8          * 【函数功能】： 蜂鸣器倒车报警                                   
   9          * 【使用说明】： 按下独立按键k6，蜂鸣器发出滴滴倒车报警声
  10                           按下独立按键k5，蜂鸣器停止警声
  11          **********************************************************************************/
  12          
  13          #include <reg51.h>
  14          #include <intrins.h>
  15          
  16          #define uchar unsigned char
  17          #define uint  unsigned int
  18          
  19          uchar  Count1,Count2;
  20          bit  flag;
  21            
  22          sbit  K1 = P3^2 ;
  23          sbit  K2 = P3^3 ;
  24          sbit BEEP = P3^6 ;          //蜂鸣器
  25          
  26          /********************************************************
  27           主函数
  28          *********************************************************/
  29          main()
  30          {
  31   1         P0=0X0;
  32   1         Count1=0x00;
  33   1         Count2=0x00;
  34   1         BEEP=1;
  35   1         flag=0;
  36   1         TMOD=0x01; 
  37   1         TH0=0xfc; 
  38   1         TL0=0x66;      //1ms定时
  39   1         EA=1; 
  40   1         ET0=1; 
  41   1      
  42   1         while(1)
  43   1         {
  44   2            if(K1==0)
  45   2            {
  46   3              while(K1==0);
  47   3              TR0=1;
  48   3            }  
  49   2            if(K2==0)
  50   2            {
  51   3              while(K2==0);
  52   3              TR0=0;
  53   3            }
  54   2         }
  55   1      }
C51 COMPILER V9.54   DI_DI_BAOJING                                                         06/30/2016 10:49:02 PAGE 2   

  56          
  57          /*********************************************************
  58            Time0中断函数
  59          **********************************************************/
  60          void Time0(void) interrupt 1 using 0
  61          {
  62   1         TH0=0xfc;               //1ms定时
  63   1         TL0=0x66;
  64   1         Count1++;
  65   1         if(Count1==100)
  66   1         {
  67   2         Count2++;
  68   2           if(Count2==4)
  69   2           {
  70   3             Count1=0;
  71   3             Count2=0;
  72   3             flag=~flag;
  73   3           }
  74   2         }
  75   1         if(!flag)
  76   1         {
  77   2           BEEP=~BEEP;     
  78   2         }
  79   1        
  80   1      }
  81          
  82          /*********************************************************/


MODULE INFORMATION:   STATIC OVERLAYABLE
   CODE SIZE        =     84    ----
   CONSTANT SIZE    =   ----    ----
   XDATA SIZE       =   ----    ----
   PDATA SIZE       =   ----    ----
   DATA SIZE        =      2    ----
   IDATA SIZE       =   ----    ----
   BIT SIZE         =      1    ----
END OF MODULE INFORMATION.


C51 COMPILATION COMPLETE.  0 WARNING(S),  0 ERROR(S)
