C51 COMPILER V9.00   流水灯                                                                08/09/2012 19:57:56 PAGE 1   


C51 COMPILER V9.00, COMPILATION OF MODULE 流水灯
OBJECT MODULE PLACED IN 流水灯.OBJ
COMPILER INVOKED BY: D:\安装软件\keil 51\C51\BIN\C51.EXE 流水灯.c BROWSE DEBUG OBJECTEXTEND

line level    source

   1          /****************************************************************************
   2          * 【编写时间】： 2011.07.07
   3          * 【作    者】： 雁翎电子
   4          * 【版    本】： V1.0
   5          * 【网    站】： http://ylelectronic.taobao.com/ 
   6          * 【Q      Q】： 348439350
   7          * 【声    明】： 此程序仅用于学习与参考，引用请注明版权和作者信息！
   8          * 【函数功能】： P1端口的LED 先从从右至左方向依次点亮，再从左至右方向依次点亮，如此循环形成流水灯效果。 
   9          * 【晶    振】:  11.0592M                   
  10          * 【硬件连接】： 跳线   选择模块                        连接或断开
  11                           J1             8位数码管模块           断开
  12                                           J2             点阵模块                        断开
  13                                           J3             时钟模块                        断开
  14                                           J4             8位跑马灯模块           连接
  15                                           J6             蜂鸣器模块                      断开
  16                                           J7             继电器模块                      断开 
  17          *****************************************************************************/
  18          #include<reg52.h>    //包含单片机寄存器的头文件
  19          
  20          #define uchar unsigned char
  21          #define uint unsigned int
  22          
  23          
  24          #define Self_Define_ISP_Download_Command 0x3D            // 与不断电下载有关,与本程序无关，直接复制到自己的程序中
  25          sfr IAP_CONTR=0xE7;                                                                      // 与不断电下载有关，与本程序无关，直接复制到自己的程序中
  26          
  27          
  28          /* 函数申明 -----------------------------------------------*/
  29          void delay(uint z);
  30          void Init_Com(void)     ;                                                                // 与不断电下载有关,与本程序无关，直接复制到自己的程序中
  31          /*
  32          ********************************************************************************
  33          ** 函数名称 ： main(void)
  34          ** 函数功能 ： 主函数
  35          ********************************************************************************
  36          */
  37          
  38          
  39          void main()
  40          {
  41   1              uchar  num,dat1,dat2;     // 相关变量定义
  42   1              Init_Com();                                                                                     // 与不断电下载有关,与本程序无关，直接复制到自己的程序中
  43   1              while(1)
  44   1              {
  45   2                      dat1=0xfe;
  46   2                      dat2=0x7f;
  47   2                      for(num=0;num<7;num++)   // led灯从上往下依次点亮
  48   2                      {
  49   3                              P1=dat1;          //初始化赋值
  50   3                              dat1=dat1<<1; //右移一位
  51   3                              delay(500);   //延时    
  52   3                      } 
  53   2                      for(num=0;num<7;num++)   // led灯从下往上依次点亮
  54   2                      {
  55   3                              P1=dat2;          //初始化赋值
C51 COMPILER V9.00   流水灯                                                                08/09/2012 19:57:56 PAGE 2   

  56   3                              dat2=dat2>>1; //右移一位
  57   3                              delay(500);   //延时    
  58   3                      }
  59   2              }
  60   1      }
  61          
  62          /*
  63          ********************************************************************************
  64          ** 函数名称 ： delay(uint z)
  65          ** 函数功能 ： 延时函数
  66          ********************************************************************************
  67          */
  68          void delay(uint z)
  69          {
  70   1          uchar j;
  71   1          for(z;z>0;z--)
  72   1              for(j=200;j>0;j--);
  73   1      }
  74          
  75          
  76          void Init_Com(void)                                                // 与不断电下载有关,与本程序无关，直接复制到自己的程序中
  77          {
  78   1           TMOD = 0x20;
  79   1           SM0=0;
  80   1           SM1=1;
  81   1               REN=1;
  82   1           TH1 = 0xFd;
  83   1           TL1 = 0xFd;
  84   1           TR1 = 1;
  85   1               EA=1;
  86   1               ES=1;
  87   1      }
  88          
  89          void UART_Interrupt_Receive(void) interrupt 4     // 与不断电下载有关,与本程序无关，直接复制到自己的程序中
  90          {
  91   1              unsigned char k=0;
  92   1              unsigned int a,b;
  93   1              if(RI==1)
  94   1              {
  95   2                      RI=0;
  96   2                      k=SBUF;
  97   2                      if(k==Self_Define_ISP_Download_Command)
  98   2                      {
  99   3                              for(a=1000;a>0;a--)
 100   3                                      for(b=100;b>0;b--); 
 101   3                              IAP_CONTR = 0x60;
 102   3                      }
 103   2              }
 104   1              else
 105   1              {
 106   2                      TI=0;
 107   2              }
 108   1      }


MODULE INFORMATION:   STATIC OVERLAYABLE
   CODE SIZE        =    181    ----
   CONSTANT SIZE    =   ----    ----
   XDATA SIZE       =   ----    ----
   PDATA SIZE       =   ----    ----
   DATA SIZE        =   ----       3
   IDATA SIZE       =   ----    ----
C51 COMPILER V9.00   流水灯                                                                08/09/2012 19:57:56 PAGE 3   

   BIT SIZE         =   ----    ----
END OF MODULE INFORMATION.


C51 COMPILATION COMPLETE.  0 WARNING(S),  0 ERROR(S)
