C51 COMPILER V8.01   7920_580B                                                             02/10/2011 21:09:42 PAGE 1   


C51 COMPILER V8.01, COMPILATION OF MODULE 7920_580B
OBJECT MODULE PLACED IN 7920_580b.OBJ
COMPILER INVOKED BY: E:\安装软件\keil\C51\BIN\C51.EXE 7920_580b.c BROWSE DEBUG OBJECTEXTEND

line level    source

   1          /********************************************************************
   2          * 文件名  ： 定时器的使用.c
   3          * 描述    :  
   4          * 创建人  ： 东流，2009年4月8日
   5          * 版本号  ： 2.0
   6          ***********************************************************************/
   7          #include <reg52.h>
   8          #include <string.h>
   9          
  10          #define uchar unsigned char
  11          #define uint  unsigned int
  12          
  13          uchar code IC_DAT[];
  14          uchar code pic1[];
  15          uchar code pic2[];
  16          uchar code pic3[]; 
  17          
  18          sbit RS  = P0^7;
  19          sbit WRD = P0^6;
  20          sbit E   = P0^5;
  21          sbit PSB = P0^4;
  22          sbit RES = P0^3;
  23          
  24          void TransferData(char data1,bit DI);
  25          void display(void);
  26          void display_grapic(void);
  27          void delayms(uint n);
  28          void DisplayLine(uchar line1,uchar line2);
  29          void DisplayGraphic(uchar code *adder);
  30          void delay(uint m);
  31          void lcd_mesg(uchar code *adder1);
  32          
  33          uchar code IC_DAT[]={
  34          "     HOT-51     "  
  35          "                "
  36          "  单片机开发板  "
  37          "    雁凌电子    "
  38          };
  39          
  40          uchar code IC_DAT2[]={
  41          "  白日依山尽，  "                      //0x80
  42          "  欲穷千里目，  "                      //0x90
  43          "  黄河入海流。  "                      //0x88
  44          "  更上一层楼。  "                      //0x98
  45          };
  46          
  47          /********************************************************************
  48          * 名称 : Convert(uchar In_Date)
  49          * 功能 : 因为电路设计时，P0.0--P0.7接法刚好了资料中的相反，所以设计该函数。
  50          * 输入 : 1602资料上的值
  51          * 输出 : 送到1602的值
  52          ***********************************************************************/
  53          unsigned char Convert(unsigned char In_Date)
  54          {
  55   1          unsigned char i, Out_Date = 0, temp = 0;
C51 COMPILER V8.01   7920_580B                                                             02/10/2011 21:09:42 PAGE 2   

  56   1          for(i=0; i<8; i++)
  57   1          {
  58   2              //temp = (In_Date >> i) & 0x01;
  59   2              //Out_Date |= (temp << (7 - i));
  60   2                      Out_Date=  In_Date;
  61   2      
  62   2          }
  63   1          return Out_Date;
  64   1      }
  65          
  66          void initinal(void)           //LCD字库初始化程序
  67          {
  68   1                 delay(40);             //大于40MS的延时程序
  69   1                 PSB=1;                 //设置为8BIT并口工作模式
  70   1                 delay(1);              //延时
  71   1                 RES=0;                 //复位
  72   1                 delay(1);              //延时
  73   1                 RES=1;                 //复位置高
  74   1                 delay(10);
  75   1                 TransferData(0x30,0);  //Extended Function Set :8BIT设置,RE=0: basic instruction set, G=0 :grap
             -hic display OFF
  76   1                 delay(100);            //大于100uS的延时程序
  77   1                 TransferData(0x30,0);  //Function Set
  78   1                 delay(37);             ////大于37uS的延时程序
  79   1                 TransferData(0x08,0);  //Display on Control
  80   1                 delay(100);            //大于100uS的延时程序
  81   1                 TransferData(0x10,0);  //Cursor Display Control光标设置
  82   1                 delay(100);            //大于100uS的延时程序
  83   1                 TransferData(0x0C,0);  //Display Control,D=1,显示开
  84   1                 delay(100);            //大于100uS的延时程序
  85   1                 TransferData(0x01,0);  //Display Clear
  86   1                 delay(10);             //大于10mS的延时程序
  87   1                 TransferData(0x06,0);  //Enry Mode Set,光标从右向左加1位移动
  88   1                 delay(100);            //大于100uS的延时程序
  89   1                }
  90          
  91          /********************************************************************
  92          * 名称 : Main()
  93          * 功能 : 主函数
  94          * 输入 : 无
  95          * 输出 : 无
  96          ***********************************************************************/
  97          void     initina2(void)           //LCD显示图片(扩展)初始化程序
  98                    {
  99   1                 delay(40);             //大于40MS的延时程序
 100   1                 PSB=1;                 //设置为8BIT并口工作模式
 101   1                 delay(1);              //延时
 102   1                 RES=0;                 //复位
 103   1                 delay(1);              //延时
 104   1                 RES=1;                 //复位置高
 105   1                 delay(10);
 106   1      
 107   1                 TransferData(0x36,0);  //Extended Function Set RE=1: extended instruction
 108   1                 delay(100);            //大于100uS的延时程序
 109   1                 TransferData(0x36,0);  //Extended Function Set:RE=1: extended instruction set
 110   1                 delay(37);             ////大于37uS的延时程序
 111   1                 TransferData(0x3E,0);  //EXFUNCTION(DL=8BITS,RE=1,G=1)
 112   1                 delay(100);            //大于100uS的延时程序
 113   1                 TransferData(0x01,0);  //CLEAR SCREEN
 114   1                 delay(100);            //大于100uS的延时程序
 115   1                }
 116          
C51 COMPILER V8.01   7920_580B                                                             02/10/2011 21:09:42 PAGE 3   

 117          /********************************************************************
 118          * 名称 : Main()
 119          * 功能 : 主函数
 120          * 输入 : 无
 121          * 输出 : 无
 122          ***********************************************************************/
 123          void    main(void)
 124               {
 125   1               while(1)
 126   1                  {
 127   2                        initina2();            //调用LCD显示图片(扩展)初始化程序
 128   2        
 129   2                DisplayGraphic(pic2);  //显示图片2
 130   2                delayms(200);                   
 131   2      
 132   2                initinal();                    //调用LCD字库初始化程序
 133   2                delay(100);            //大于100uS的延时程序
 134   2                lcd_mesg(IC_DAT);      //显示中文汉字1
 135   2                delayms(240);
 136   2                delayms(240);
 137   2                
 138   2                initinal();                    //调用LCD字库初始化程序
 139   2                delay(100);            //大于100uS的延时程序 
 140   2                lcd_mesg(IC_DAT2);     //显示中文汉字2
 141   2                delayms(240);
 142   2                        delayms(240);
 143   2                        initinal();  
 144   2              }
 145   1            }
 146          
 147          /********************************************************************
 148          * 名称 : Main()
 149          * 功能 : 主函数
 150          * 输入 : 无
 151          * 输出 : 无
 152          ***********************************************************************/
 153          void   lcd_mesg(unsigned char code *adder1)
 154          {
 155   1              unsigned char i;
 156   1              TransferData(0x80,0);  //Set Graphic Display RAM Address
 157   1              delay(100);
 158   1              for(i=0;i<32;i++)
 159   1                      {
 160   2                              TransferData(*adder1,1);
 161   2                              adder1++;
 162   2                      }
 163   1      
 164   1              TransferData(0x90,0);  //Set Graphic Display RAM Address
 165   1              delay(100);
 166   1              for(i=32;i<64;i++)
 167   1                      {
 168   2                              TransferData(*adder1,1);
 169   2                              adder1++;
 170   2                      }
 171   1      }
 172          
 173          /********************************************************************
 174          * 名称 : Main()
 175          * 功能 : 主函数
 176          * 输入 : 无
 177          * 输出 : 无
 178          ***********************************************************************/
C51 COMPILER V8.01   7920_580B                                                             02/10/2011 21:09:42 PAGE 4   

 179          void    TransferData(char data1,bit DI)  //传送数据或者命令,当DI=0是,传送命令,当DI=1,传送数据.
 180                    {
 181   1                  WRD=0;
 182   1                  RS=DI;
 183   1                  delay(1);
 184   1                  P2=Convert(data1);
 185   1                  E=1;
 186   1                  delay(1);
 187   1                  E=0;
 188   1                 }
 189          
 190          /********************************************************************
 191          * 名称 : Main()
 192          * 功能 : 主函数
 193          * 输入 : 无
 194          * 输出 : 无
 195          ***********************************************************************/
 196          void    delayms(unsigned int n)            //延时10×n毫秒程序
 197                             {
 198   1                            unsigned int i,j;
 199   1                            for(i=0;i<n;i++)
 200   1                               for(j=0;j<2000;j++);
 201   1                         }
 202          
 203          /********************************************************************
 204          * 名称 : Main()
 205          * 功能 : 主函数
 206          * 输入 : 无
 207          * 输出 : 无
 208          ***********************************************************************/
 209          void    delay(unsigned int m)            //延时程序
 210                             {
 211   1                            unsigned int i,j;
 212   1                            for(i=0;i<m;i++)
 213   1                               for(j=0;j<10;j++);
 214   1                         }
 215          
 216          /********************************************************************
 217          * 名称 : Main()
 218          * 功能 : 主函数
 219          * 输入 : 无
 220          * 输出 : 无
 221          ***********************************************************************/
 222          void DisplayGraphic(unsigned char code *adder)
 223          {
 224   1      
 225   1         int i,j;
 226   1      //*******显示上半屏内容设置
 227   1         for(i=0;i<32;i++)              //
 228   1          { 
 229   2            TransferData((0x80 + i),0); //SET  垂直地址 VERTICAL ADD
 230   2            TransferData(0x80,0);       //SET  水平地址 HORIZONTAL ADD
 231   2            for(j=0;j<16;j++)
 232   2             {
 233   3               TransferData(*adder,1);
 234   3               adder++;
 235   3             }
 236   2          }      
 237   1      //*******显示下半屏内容设置
 238   1         for(i=0;i<32;i++)              //
 239   1          {
 240   2            TransferData((0x80 + i),0); //SET 垂直地址 VERTICAL ADD
C51 COMPILER V8.01   7920_580B                                                             02/10/2011 21:09:42 PAGE 5   

 241   2            TransferData(0x88,0);       //SET 水平地址 HORIZONTAL ADD
 242   2            for(j=0;j<16;j++)
 243   2             {
 244   3               TransferData(*adder,1);
 245   3               adder++;
 246   3             }
 247   2          }
 248   1      }
 249          
 250          
 251          
 252          unsigned char code pic2[]=
 253          {
 254          0x00,0x00,0x00,0x00,0x00,0x00,0x00,0x0F,0x78,0x00,0x00,0x00,0x00,0x00,0x00,0x00,
 255          0x00,0x00,0x00,0x00,0x00,0x00,0x00,0x3C,0x1E,0x00,0x00,0x00,0x00,0x00,0x00,0x00,
 256          0x00,0x00,0x00,0x00,0x00,0x00,0x00,0xF0,0x07,0x80,0x00,0x00,0x00,0x00,0x00,0x00,
 257          0x00,0x00,0x00,0x00,0x00,0x00,0x03,0xC0,0x01,0xE0,0x00,0x00,0x00,0x00,0x00,0x00,
 258          0x00,0x00,0x00,0x00,0x00,0x00,0x0F,0x00,0x00,0x78,0x00,0x00,0x00,0x00,0x00,0x00,
 259          0x00,0x00,0x00,0x00,0x00,0x00,0x3C,0x00,0x00,0x1E,0x00,0x00,0x00,0x00,0x00,0x00,
 260          0x00,0x00,0x00,0x00,0x00,0x00,0xF0,0x00,0x00,0x07,0x80,0x00,0x00,0x00,0x00,0x00,
 261          0x00,0x00,0x00,0x00,0x00,0x03,0xC0,0x00,0x00,0x01,0xC0,0x00,0x00,0x00,0x00,0x00,
 262          0x00,0x00,0x00,0x00,0x00,0x0F,0x00,0x00,0x00,0x00,0x70,0x00,0x00,0x00,0x00,0x00,
 263          0x00,0x00,0x00,0x00,0x00,0x3C,0x00,0x00,0x00,0x00,0x1C,0x00,0x00,0x00,0x00,0x00,
 264          0x00,0x00,0x00,0x00,0x00,0xF0,0x00,0x00,0x00,0x00,0x1E,0x00,0x00,0x00,0x00,0x00,
 265          0x00,0x00,0x00,0x00,0x03,0xC0,0x00,0x00,0x00,0x00,0x7E,0x00,0x00,0x00,0x00,0x00,
 266          0x00,0x00,0x00,0x00,0x0F,0x00,0x00,0x00,0x00,0x01,0xE6,0x00,0x00,0x00,0x00,0x00,
 267          0x00,0x00,0x00,0x00,0x3C,0x00,0x00,0x00,0x00,0x07,0x82,0x00,0x00,0x00,0x00,0x00,
 268          0x00,0x00,0x00,0x00,0xF0,0x00,0x00,0x00,0x00,0x1E,0x02,0x00,0x00,0x00,0x00,0x00,
 269          0x00,0x00,0x00,0x01,0xE0,0x00,0x00,0x00,0x00,0x78,0x03,0x00,0x00,0x00,0x00,0x00,
 270          0x00,0x00,0x00,0x01,0xE0,0x00,0x00,0x00,0x01,0xE0,0x03,0x00,0x00,0x00,0x00,0x00,
 271          0x00,0x00,0x00,0x01,0x78,0x00,0x00,0x00,0x07,0x80,0x01,0x00,0x00,0x00,0x00,0x00,
 272          0x00,0x00,0x00,0x03,0x1E,0x00,0x00,0x00,0x1E,0x00,0x07,0x00,0x00,0x00,0x00,0x00,
 273          0x00,0x00,0x00,0x03,0x07,0x80,0x00,0x00,0x78,0x00,0x1F,0x00,0x00,0x00,0x00,0x00,
 274          0x00,0x00,0x00,0x02,0x01,0xE0,0x00,0x01,0xE0,0x00,0x3F,0x00,0x00,0x00,0x00,0x00,
 275          0x00,0x00,0x00,0x06,0x00,0x78,0x1F,0x07,0x80,0x01,0xF1,0x80,0x00,0x00,0x00,0x00,
 276          0x00,0x00,0x00,0x0E,0x00,0x1E,0x3F,0x9E,0x00,0x03,0xF9,0x80,0x00,0x00,0x00,0x00,
 277          0x00,0x00,0x00,0x0E,0x00,0x07,0xB3,0x78,0x00,0x0F,0xF9,0x80,0x00,0x00,0x00,0x00,
 278          0x00,0x00,0x00,0x0F,0x80,0x01,0xFF,0xE0,0x00,0x79,0x98,0x80,0x00,0x00,0x00,0x00,
 279          0x00,0x00,0x00,0x0F,0xE0,0x00,0x7F,0x80,0x00,0xE0,0xD8,0x80,0x00,0x00,0x00,0x00,
 280          0x00,0x00,0x00,0x0F,0xF8,0x00,0x0C,0x00,0x07,0xE0,0xF8,0x80,0x00,0x00,0x00,0x00,
 281          0x00,0x00,0x00,0x0E,0x7E,0x00,0x0C,0x00,0x1F,0xF0,0xF8,0x80,0x00,0x00,0x00,0x00,
 282          0x00,0x00,0x00,0x0E,0x1F,0x80,0x0C,0x00,0x7E,0x70,0xDC,0x80,0x00,0x00,0x00,0x00,
 283          0x00,0x00,0x00,0x0F,0x07,0xE0,0x0C,0x01,0xE3,0x70,0x5C,0xC0,0x00,0x00,0x00,0x00,
 284          0x00,0x00,0x00,0x0F,0x81,0xF8,0x0C,0x07,0x83,0x70,0x5F,0xC0,0x00,0x00,0x00,0x00,
 285          0x00,0x00,0x00,0x0D,0xE0,0x7E,0x0C,0x1F,0xC1,0xF0,0x5F,0xC0,0x00,0x00,0x00,0x00,
 286          0x00,0x00,0x00,0x0F,0x78,0x3F,0x8C,0x7F,0xC1,0xB8,0x47,0xC0,0x00,0x00,0x00,0x00,
 287          0x00,0x00,0x00,0x0F,0x1E,0x0F,0xED,0xEC,0xE1,0xB8,0xC7,0xC0,0x00,0x00,0x00,0x00,
 288          0x00,0x00,0x00,0x1F,0x07,0x83,0xFF,0xC6,0xE1,0xB9,0xC7,0xC0,0x00,0x00,0x00,0x00,
 289          0x00,0x00,0x00,0x1F,0x07,0xE0,0xFF,0xE7,0xE1,0xBF,0x07,0xC0,0x00,0x00,0x00,0x00,
 290          0x00,0x00,0x00,0x1F,0x07,0xF8,0x3F,0xE7,0xE1,0xBF,0x07,0xC0,0x00,0x00,0x00,0x00,
 291          0x00,0x00,0x00,0x1F,0x07,0x9E,0x0C,0xE6,0xE1,0x8F,0x07,0xC0,0x00,0x00,0x00,0x00,
 292          0x00,0x00,0x00,0x1F,0x07,0x87,0x8C,0xE6,0xE3,0x8F,0x83,0xC0,0x00,0x00,0x00,0x00,
 293          0x00,0x00,0x00,0x1F,0x0F,0x81,0xED,0xE6,0xE7,0x0F,0x83,0xC0,0x00,0x00,0x00,0x00,
 294          0x00,0x00,0x00,0x1F,0x07,0x00,0x7F,0xE6,0xFE,0x0F,0x83,0x40,0x00,0x00,0x00,0x00,
 295          0x00,0x00,0x00,0x1F,0x00,0x00,0x1E,0x76,0xFE,0x0F,0x83,0x40,0x00,0x00,0x00,0x00,
 296          0x00,0x00,0x00,0x1E,0x00,0x00,0x00,0x72,0x1E,0x0F,0x83,0x40,0x00,0x00,0x00,0x00,
 297          0x00,0x00,0x00,0x1E,0x00,0x00,0x00,0x7E,0x1A,0x0F,0x83,0x40,0x00,0x00,0x00,0x00,
 298          0x00,0x00,0x00,0x1E,0x00,0x00,0x00,0x7C,0x1A,0x0F,0x83,0xC0,0x00,0x00,0x00,0x00,
 299          0x00,0x00,0x00,0x0C,0x00,0x00,0x00,0x78,0x1A,0x0F,0x83,0xC0,0x00,0x00,0x00,0x00,
 300          0x00,0x00,0x00,0x00,0x00,0x00,0x00,0x78,0x1A,0x07,0x83,0xC0,0x00,0x00,0x00,0x00,
 301          0x00,0x00,0x00,0x00,0x00,0x00,0x00,0x7C,0x1E,0x07,0x80,0x00,0x00,0x00,0x00,0x00,
 302          0x00,0x00,0x00,0x00,0x00,0x00,0x00,0x7C,0x1F,0x07,0x80,0x00,0x00,0x00,0x00,0x00,
C51 COMPILER V8.01   7920_580B                                                             02/10/2011 21:09:42 PAGE 6   

 303          0x00,0x00,0x00,0x00,0x00,0x00,0x00,0x7C,0x1F,0x07,0x80,0x00,0x00,0x00,0x00,0x00,
 304          0x00,0x00,0x00,0x00,0x00,0x00,0x00,0x7C,0x1F,0x07,0x80,0x00,0x00,0x00,0x00,0x00,
 305          0x00,0x00,0x00,0x00,0x00,0x00,0x00,0x7C,0x1F,0x07,0x00,0x00,0x00,0x00,0x00,0x00,
 306          0x00,0x00,0x00,0x00,0x00,0x00,0x00,0x7C,0x1F,0x00,0x00,0x00,0x00,0x08,0x00,0x00,
 307          0x00,0x00,0x00,0x00,0x00,0x00,0x00,0x7C,0x1F,0x00,0x00,0x00,0x00,0x10,0x00,0x40,
 308          0x00,0x00,0x00,0x00,0x00,0x00,0x00,0x3C,0x1F,0x00,0x00,0x00,0x00,0xFF,0x08,0x20,
 309          0x00,0x00,0x00,0x00,0x00,0x00,0x00,0x3C,0x1F,0x00,0x00,0x00,0x00,0x28,0x05,0xFC,
 310          0x00,0x00,0x00,0x00,0x00,0x00,0x00,0x34,0x0C,0x00,0x00,0x00,0x00,0x48,0x00,0x40,
 311          0x00,0x00,0x00,0x00,0x00,0x00,0x00,0x34,0x00,0x00,0x00,0x00,0x00,0xFF,0x08,0x88,
 312          0x00,0x00,0x00,0x00,0x00,0x00,0x00,0x34,0x00,0x00,0x00,0x00,0x00,0x08,0x05,0xFC,
 313          0x00,0x00,0x00,0x00,0x00,0x00,0x00,0x3C,0x00,0x00,0x00,0x00,0x00,0x4A,0x00,0xA8,
 314          0x00,0x00,0x00,0x00,0x00,0x00,0x00,0x3C,0x00,0x00,0x00,0x00,0x00,0x89,0x04,0xA8,
 315          0x00,0x00,0x00,0x00,0x00,0x00,0x00,0x10,0x00,0x00,0x00,0x00,0x01,0x08,0x88,0xA8,
 316          0x00,0x00,0x00,0x00,0x00,0x00,0x00,0x00,0x00,0x00,0x00,0x00,0x00,0x38,0x10,0xAA,
 317          0x00,0x00,0x00,0x00,0x00,0x00,0x00,0x00,0x00,0x00,0x00,0x00,0x00,0x08,0x01,0x2E,
 318          
 319          };


MODULE INFORMATION:   STATIC OVERLAYABLE
   CODE SIZE        =    628    ----
   CONSTANT SIZE    =   1154    ----
   XDATA SIZE       =   ----    ----
   PDATA SIZE       =   ----    ----
   DATA SIZE        =   ----      11
   IDATA SIZE       =   ----    ----
   BIT SIZE         =   ----       1
END OF MODULE INFORMATION.


C51 COMPILATION COMPLETE.  0 WARNING(S),  0 ERROR(S)
