C51 COMPILER V9.00   串口收发                                                              09/04/2011 09:23:44 PAGE 1   


C51 COMPILER V9.00, COMPILATION OF MODULE 串口收发
OBJECT MODULE PLACED IN 串口收发.OBJ
COMPILER INVOKED BY: E:\安装软件\keil-51\C51\BIN\C51.EXE 串口收发.c BROWSE DEBUG OBJECTEXTEND

line level    source

*** WARNING C500 IN LINE 1 OF 串口收发.C: LICENSE ERROR (R208: RENEW LICENSE ID CODE (LIC))

   1          
   2          /*********************************************************************************
   3          * 【编写时间】： 2011.07.07
   4          * 【作    者】： 雁翎电子
   5          * 【版    本】： V1.0
   6          * 【网    站】： http://ylelectronic.taobao.com/ 
   7          * 【Q      Q】： 348439350
   8          * 【声    明】： 此程序仅用于学习与参考，引用请注明版权和作者信息！
   9          * 【函数功能】： 串口中断程序实验――通过单片机向电脑发送数据，同时电脑将收到的数据发出                                                   
             -                              
  10          **********************************************************************************/
  11          
  12          
  13          /*预处理命令*/
  14          #include <reg52.h>                //包含单片机寄存器的头文件
  15          #define uchar unsigned char
  16          #define uint unsigned int
  17          uchar num,a;
  18          
  19          /*
  20          ********************************************************************************
  21          ** 函数名称 ： main(void)
  22          ** 函数功能 ： 主函数
  23          ********************************************************************************
  24          */
  25          void main()
  26          {
  27   1              TMOD=0x20;                 //用定时器设置串口波特率
  28   1              TH1=0xfd;
  29   1              TL1=0xfd;
  30   1              TR1=1;
  31   1              REN=1;          //串口初始化
  32   1              SM0=0;
  33   1              SM1=1;
  34   1              EA=1;           //开启总中断
  35   1              ES=1;
  36   1              while(1)
  37   1              {
  38   2                      if(num==1)    //判断是否有串口数据的传送
  39   2                      {
  40   3                              ES=0;
  41   3                              num=0;
  42   3                              SBUF=a;                  //发送数据a到SBUF，即将单片机的数据发送到计算机
  43   3                              while(!TI);
  44   3                              TI=0;
  45   3                              ES=1;
  46   3                      }
  47   2              }       
  48   1      }
  49          void ser() interrupt 4
  50          {
  51   1              RI=0;
  52   1              P2=SBUF;                        //接收数据SBUF，即将计算机的数据接收。
  53   1              a=SBUF;
C51 COMPILER V9.00   串口收发                                                              09/04/2011 09:23:44 PAGE 2   

  54   1              num=1;
  55   1      }


MODULE INFORMATION:   STATIC OVERLAYABLE
   CODE SIZE        =     55    ----
   CONSTANT SIZE    =   ----    ----
   XDATA SIZE       =   ----    ----
   PDATA SIZE       =   ----    ----
   DATA SIZE        =      2    ----
   IDATA SIZE       =   ----    ----
   BIT SIZE         =   ----    ----
END OF MODULE INFORMATION.


C51 COMPILATION COMPLETE.  1 WARNING(S),  0 ERROR(S)
