C51 COMPILER V9.00   0                                                                     08/10/2012 18:03:05 PAGE 1   


C51 COMPILER V9.00, COMPILATION OF MODULE 0
OBJECT MODULE PLACED IN 0.OBJ
COMPILER INVOKED BY: D:\安装软件\keil 51\C51\BIN\C51.EXE 0.c BROWSE DEBUG OBJECTEXTEND

line level    source

   1          /****************************************************************************
   2          * 【编写时间】： 2011.07.07
   3          * 【作    者】： 雁翎电子
   4          * 【版    本】： V1.0
   5          * 【网    站】： http://ylelectronic.taobao.com/ 
   6          * 【Q      Q】： 348439350
   7          *****************************************************************************
   8          程序功能：      演示指针作为函数的参数。
   9          ****************************************************************************/
  10          #include <reg52.h>
  11          
  12          void delay(void)  //此延时函数无参数，无返回值。在其后面作了一个有参数的延时函数作为对比
  13          {
  14   1        unsigned char m,n;
  15   1        for(m=0;m<200;m++)
  16   1              for(n=0;n<200;n++);
  17   1      }
  18          /***************************************************************
  19          //带参数的延时函数
  20          void delay(unsigned int m)
  21          {
  22                  unsigned int n;
  23                  unsigned char p;
  24                  for(n=m;n>0;n--)
  25                  for(p=0;p<200;p++);
  26          }
  27          //调用时，可这样调用：delay(200);括弧中的值可自设，但不可大于
  28          //定义时所定的unsigned int的范围。
  29          *****************************************************************/
  30          void led(unsigned char *p) //形参为无符号字符型指针
  31          {
  32   1        unsigned char i;
  33   1        while(1)
  34   1         {
  35   2                i=0;   //将i置为0，指向数组第一个元素
  36   2                while(i!=16) 
  37   2                 {
  38   3              P1=*(p+i);// 取的指针所指变量（数组元素）的值，送P1口
  39   3                   delay();   //调用延时函数
  40   3                        i++;    //指向下一个数组元素
  41   3                 }
  42   2              }
  43   1      }
  44          
  45          
  46          void main(void)
  47          {  
  48   1        unsigned  char code table[16]={0xFE,0xFD,0xFB,0xF7,0xEF,0xDF,0xBF,0x7F, 
  49   1                                    0x7F,0xBF,0xDF,0xEF,0xF7,0xFB,0xFD,0xFE};
  50   1                                                                                      //流水灯控制码 
  51   1        unsigned char *p;
  52   1        p=table;
  53   1        led(p);
  54   1        
  55   1      }
C51 COMPILER V9.00   0                                                                     08/10/2012 18:03:05 PAGE 2   



MODULE INFORMATION:   STATIC OVERLAYABLE
   CODE SIZE        =     55    ----
   CONSTANT SIZE    =     16    ----
   XDATA SIZE       =   ----    ----
   PDATA SIZE       =   ----    ----
   DATA SIZE        =   ----       3
   IDATA SIZE       =   ----    ----
   BIT SIZE         =   ----    ----
END OF MODULE INFORMATION.


C51 COMPILATION COMPLETE.  0 WARNING(S),  0 ERROR(S)
