C51 COMPILER V9.00   SHUMAGUAN                                                             08/10/2012 18:55:07 PAGE 1   


C51 COMPILER V9.00, COMPILATION OF MODULE SHUMAGUAN
OBJECT MODULE PLACED IN shumaguan.OBJ
COMPILER INVOKED BY: D:\安装软件\keil 51\C51\BIN\C51.EXE shumaguan.c DEBUG OBJECTEXTEND

line level    source

   1          /*此程序可以实现，定时器定时模拟数字钟显示*/
   2          
   3          #include <reg52.h>
   4          #define uchar unsigned char 
   5          sbit P2_0 = P2^0;
   6          sbit P2_1 = P2^1;
   7          sbit P2_2 = P2^2;
   8          sbit P2_3 = P2^3;
   9          
  10          static unsigned char second,minute,hour;
  11          unsigned int tcount;
  12          unsigned char m;
  13          uchar code table[]={0xc0,0xf9,0xa4,0xb0,0x99,0x92,0x82,
  14                                  0xf8,0x80,0x90};
  15          void delay(uchar i)
  16          {
  17   1        uchar j,k; 
  18   1        for(j=i;j>0;j--)
  19   1          for(k=125;k>0;k--);
  20   1      }
  21          
  22          void display()
  23          {
  24   1        
  25   1         P0=table[minute/10];
  26   1         P2_0 = 0;
  27   1         delay(5);
  28   1         P2_0 = 1;
  29   1      
  30   1         P0=(table[minute%10]& 0x7f);
  31   1         P2_1 = 0;
  32   1         delay(5);
  33   1         P2_1 = 1;
  34   1      
  35   1         P0=table[second/10];
  36   1         P2_2 = 0;
  37   1         delay(5);
  38   1         P2_2 = 1;
  39   1      
  40   1          P0=table[second%10];
  41   1         P2_3 = 0;
  42   1         delay(5);
  43   1         P2_3 = 1;
  44   1         
  45   1      }
  46          
  47          /*演示主程序*/
  48          void main(void)
  49          {
  50   1          unsigned int  a;
  51   1              TMOD=0x02;
  52   1          TH0=0x06;
  53   1          TL0=0x06;
  54   1          TR0=1;
  55   1          ET0=1;
C51 COMPILER V9.00   SHUMAGUAN                                                             08/10/2012 18:55:07 PAGE 2   

  56   1          EA=1;
  57   1         
  58   1       while(1)
  59   1       {
  60   2       
  61   2         for(a=100;a>0;a--)
  62   2         {
  63   3           display();
  64   3         }
  65   2       
  66   2       }
  67   1      }
  68          
  69          
  70          /*
  71          ********************************************************************************
  72          ** 函数名称 ： t0(void) interrupt 1 using 0
  73          ** 函数功能 ： 定时器中断
  74          ********************************************************************************
  75          */
  76          
  77           void t0(void) interrupt 1 using 0 
  78            {     tcount++;
  79   1      
  80   1          if(tcount==4000)
  81   1                {tcount=0;
  82   2                  second++;
  83   2      
  84   2                       if(second==60)
  85   2                        {second=0;
  86   3                         minute++;
  87   3      
  88   3                          if(minute==60)
  89   3                               {minute=0;
  90   4                                hour++;
  91   4      
  92   4                                if(hour==24)
  93   4                                 {hour=0;
  94   5                                 }
  95   4                               }
  96   3                        }
  97   2                }
  98   1              }


MODULE INFORMATION:   STATIC OVERLAYABLE
   CODE SIZE        =    190    ----
   CONSTANT SIZE    =     10    ----
   XDATA SIZE       =   ----    ----
   PDATA SIZE       =   ----    ----
   DATA SIZE        =      6    ----
   IDATA SIZE       =   ----    ----
   BIT SIZE         =   ----    ----
END OF MODULE INFORMATION.


C51 COMPILATION COMPLETE.  0 WARNING(S),  0 ERROR(S)
