C51 COMPILER V9.00   1602                                                                  08/10/2012 19:28:30 PAGE 1   


C51 COMPILER V9.00, COMPILATION OF MODULE 1602
OBJECT MODULE PLACED IN 1602.OBJ
COMPILER INVOKED BY: D:\安装软件\keil 51\C51\BIN\C51.EXE 1602.c DEBUG OBJECTEXTEND

line level    source

   1          #include <reg52.H>
   2          #include <intrins.H>
   3          #include <math.H>
   4          
   5          #define uchar unsigned char
   6          #define uint unsigned int
   7          
   8          sbit RS = P0^7;    
   9          sbit LCDEN = P0^5; 
  10          sbit rw=P0^6;
  11          
  12          void delayUs()
  13          {
  14   1          _nop_();
  15   1      }
  16          
  17           void delayMs(uint a)
  18          {
  19   1          uint i, j;
  20   1          for(i = a; i > 0; i--)
  21   1              for(j = 100; j > 0; j--);
  22   1       }
  23          
  24          
  25          void writeComm(uchar comm)
  26          {
  27   1           RS = 0;    
  28   1          P2 = comm;
  29   1          LCDEN = 1;
  30   1           delayUs();
  31   1          LCDEN = 0;
  32   1          delayMs(1);
  33   1      }
  34          
  35          //写数据:RS=1, RW=0;
  36          void writeData(uchar dat)
  37          {
  38   1           RS = 1;
  39   1           P2 = dat;
  40   1           LCDEN = 1;
  41   1          delayUs();
  42   1          LCDEN = 0;
  43   1          delayMs(1);
  44   1       }
  45          
  46          
  47           void init()
  48           {
  49   1         rw=0;
  50   1         writeComm(0x38);
  51   1         writeComm(0x0c); 
  52   1          writeComm(0x06);
  53   1          writeComm(0x01); 
  54   1      }
  55          
C51 COMPILER V9.00   1602                                                                  08/10/2012 19:28:30 PAGE 2   

  56          void writeString(uchar * str, uchar length)
  57          {
  58   1           uchar i;
  59   1          for(i = 0; i < length; i++)
  60   1          {
  61   2               writeData(str[i]);
  62   2           }
  63   1       }
  64           
  65          /**//*****************************DS18B20*******************************/
  66           sbit ds = P3^7;
  67          void dsInit()
  68           {
  69   1          
  70   1          unsigned int i;  
  71   1          ds = 0;
  72   1          i = 100;  
  73   1           while(i>0) i--;
  74   1          ds = 1;   
  75   1          i = 4;
  76   1           while(i>0) i--;
  77   1       }
  78           
  79          void dsWait()
  80           {
  81   1            unsigned int i;
  82   1            while(ds);  
  83   1            while(~ds);
  84   1            i = 4;
  85   1            while(i > 0) i--;
  86   1      }
  87          
  88          
  89          bit readBit()
  90          {
  91   1          unsigned int i;
  92   1          bit b;
  93   1          ds = 0;
  94   1          i++;   
  95   1          ds = 1; 
  96   1         i++; i++;  
  97   1          b = ds;
  98   1          i = 8; 
  99   1          while(i>0) i--;
 100   1          return b;
 101   1      }
 102          
 103          unsigned char readByte()
 104          {
 105   1          unsigned int i;
 106   1          unsigned char j, dat;
 107   1         dat = 0;
 108   1          for(i=0; i<8; i++)
 109   1          {
 110   2              j = readBit();
 111   2            
 112   2              dat = (j << 7) | (dat >> 1);
 113   2          }
 114   1          return dat;
 115   1      }
 116          
 117          
C51 COMPILER V9.00   1602                                                                  08/10/2012 19:28:30 PAGE 3   

 118          void writeByte(unsigned char dat)
 119          {
 120   1          unsigned int i;
 121   1          unsigned char j;
 122   1          bit b;
 123   1          for(j = 0; j < 8; j++)
 124   1          {
 125   2              b = dat & 0x01;
 126   2              dat >>= 1;
 127   2          
 128   2              if(b)   
 129   2              {
 130   3                 ds = 0;          i++; i++;  
 131   3                  ds = 1;    
 132   3                  i = 8; while(i>0) i--;  
 133   3              }
 134   2              else  
 135   2              {
 136   3                  ds = 0;
 137   3                i = 8; while(i>0) i--;  
 138   3                  ds = 1;
 139   3                 i++; i++;
 140   3              }
 141   2         }
 142   1      }
 143          
 144          
 145          void sendChangeCmd()
 146          {
 147   1          dsInit();    
 148   1          dsWait();   
 149   1          delayMs(1);    
 150   1          writeByte(0xcc);
 151   1          writeByte(0x44);
 152   1      }
 153          
 154          void sendReadCmd()
 155          {
 156   1          dsInit();
 157   1          dsWait();
 158   1          delayMs(1);
 159   1          writeByte(0xcc); 
 160   1          writeByte(0xbe); 
 161   1      }
 162          
 163          
 164          int getTmpValue()
 165          {
 166   1          unsigned int tmpvalue;
 167   1          int value; 
 168   1          float t;
 169   1          unsigned char low, high;
 170   1          sendReadCmd();
 171   1          
 172   1          low = readByte(); 
 173   1          high = readByte();
 174   1         
 175   1          tmpvalue = high;
 176   1          tmpvalue <<= 8;
 177   1          tmpvalue |= low;
 178   1          value = tmpvalue;
 179   1          
C51 COMPILER V9.00   1602                                                                  08/10/2012 19:28:30 PAGE 4   

 180   1        \
 181   1          t = value * 0.0625;
 182   1          \
 183   1          value = t * 100 + (value > 0 ? 0.5 : -0.5); //大于0加0.5, 小于0减0.5
 184   1          return value;
 185   1      }
 186          
 187          void display(int v) 
 188          {
 189   1          unsigned char count;
 190   1          unsigned char datas[] = {0, 0, 0, 0, 0};
 191   1          unsigned int tmp = abs(v);
 192   1          datas[0] = tmp / 10000;
 193   1          datas[1] = tmp % 10000 / 1000;
 194   1          datas[2] = tmp % 1000 / 100;
 195   1          datas[3] = tmp % 100 / 10;
 196   1          datas[4] = tmp % 10;
 197   1          writeComm(0xc0+3);
 198   1          if(v < 0)
 199   1          {
 200   2              writeString("- ", 2);
 201   2         }
 202   1          else
 203   1          {
 204   2             writeString("+ ", 2);
 205   2          }
 206   1          if(datas[0] != 0)
 207   1          {
 208   2              writeData('0'+datas[0]);
 209   2          }
 210   1          for(count = 1; count != 5; count++)
 211   1          {
 212   2              writeData('0'+datas[count]);
 213   2              if(count == 2)
 214   2              {
 215   3                  writeData('.');
 216   3              }
 217   2          }
 218   1      }
 219          /**//*****************************DS18B20*******************************/
 220          
 221          void main()
 222          {
 223   1          uchar table[] = " xianzaiwendu:";
 224   1          sendChangeCmd();
 225   1          init();
 226   1          writeComm(0x80);
 227   1          writeString(table, 16);
 228   1          while(1)
 229   1          {
 230   2              delayMs(1000); //温度转换时间需要750ms以上
 231   2              writeComm(0xc0);
 232   2              display(getTmpValue());
 233   2              sendChangeCmd();
 234   2          }
 235   1      }


MODULE INFORMATION:   STATIC OVERLAYABLE
   CODE SIZE        =    722    ----
   CONSTANT SIZE    =     26    ----
   XDATA SIZE       =   ----    ----
C51 COMPILER V9.00   1602                                                                  08/10/2012 19:28:30 PAGE 5   

   PDATA SIZE       =   ----    ----
   DATA SIZE        =   ----      33
   IDATA SIZE       =   ----    ----
   BIT SIZE         =   ----       2
END OF MODULE INFORMATION.


C51 COMPILATION COMPLETE.  0 WARNING(S),  0 ERROR(S)
