C51 COMPILER V9.00   SHUMAGUAN                                                             11/16/2011 22:17:10 PAGE 1   


C51 COMPILER V9.00, COMPILATION OF MODULE SHUMAGUAN
OBJECT MODULE PLACED IN shumaguan.OBJ
COMPILER INVOKED BY: E:\安装软件\keil-51\C51\BIN\C51.EXE shumaguan.c DEBUG OBJECTEXTEND

line level    source

   1          /*此程序可以实现，数码管显示1234的状态，用户可以自己根据前边的试验程序，自行编写按下某个按键时，数码管显示
             -某个数字*/
   2          #include <reg52.h>
   3          #define uchar unsigned char 
   4          sbit P2_0 = P2^0;
   5          sbit P2_1 = P2^1;
   6          sbit P2_2 = P2^2;
   7          sbit P2_3 = P2^3;
   8          
   9          uchar code table[]={0xc0,0xf9,0xa4,0xb0,0x99,0x92,0x82,
  10                                  0xf8,0x80,0x90};
  11          void delay(uchar i)
  12          {
  13   1        uchar j,k; 
  14   1        for(j=i;j>0;j--)
  15   1          for(k=125;k>0;k--);
  16   1      }
  17          
  18          void display()
  19          {
  20   1        
  21   1         P0=table[0];
  22   1         P2_0 = 0;
  23   1         delay(5);
  24   1         P2_0 = 1;
  25   1      
  26   1         P0=table[1];
  27   1         P2_1 = 0;
  28   1         delay(5);
  29   1         P2_1 = 1;
  30   1      
  31   1         P0=table[2];
  32   1         P2_2 = 0;
  33   1         delay(5);
  34   1         P2_2 = 1;
  35   1      
  36   1          P0=table[3];
  37   1         P2_3 = 0;
  38   1         delay(5);
  39   1         P2_3 = 1;
  40   1         
  41   1      }
  42          
  43          /*演示主程序*/
  44          void main(void)
  45          {
  46   1          unsigned int  a;
  47   1         
  48   1       while(1)
  49   1       {
  50   2       
  51   2         for(a=100;a>0;a--)
  52   2         {
  53   3           display();
  54   3         }
C51 COMPILER V9.00   SHUMAGUAN                                                             11/16/2011 22:17:10 PAGE 2   

  55   2       
  56   2       }
  57   1      }


MODULE INFORMATION:   STATIC OVERLAYABLE
   CODE SIZE        =     91    ----
   CONSTANT SIZE    =     10    ----
   XDATA SIZE       =   ----    ----
   PDATA SIZE       =   ----    ----
   DATA SIZE        =   ----    ----
   IDATA SIZE       =   ----    ----
   BIT SIZE         =   ----    ----
END OF MODULE INFORMATION.


C51 COMPILATION COMPLETE.  0 WARNING(S),  0 ERROR(S)
